{"C:\\Users\\isabe\\Documents\\petHug\\assets\\logo_adote.png": {"path":"C:\\Users\\isabe\\Documents\\petHug\\assets\\logo_adote.png","statementMap":{"0":{"start":{"line":1,"column":0},"end":{"line":4,"column":6}}},"fnMap":{},"branchMap":{},"s":{"0":2},"f":{},"b":{},"_coverageSchema":"1a1c01bbd47fc00a2c39e90264f33305004495a9","hash":"fccdbfa00217a8e6d71b5f27dcc3ca4b7136c941"}
,"C:\\Users\\isabe\\Documents\\petHug\\src\\components\\ButtonInterface\\index.tsx": {"path":"C:\\Users\\isabe\\Documents\\petHug\\src\\components\\ButtonInterface\\index.tsx","statementMap":{"0":{"start":{"line":10,"column":2},"end":{"line":23,"column":3}},"1":{"start":{"line":27,"column":46},"end":{"line":29,"column":1}},"2":{"start":{"line":28,"column":2},"end":{"line":28,"column":64}},"3":{"start":{"line":31,"column":0},"end":{"line":31,"column":28}}},"fnMap":{"0":{"name":"ButtonInterface","decl":{"start":{"line":9,"column":16},"end":{"line":9,"column":31}},"loc":{"start":{"line":9,"column":93},"end":{"line":24,"column":1}},"line":9},"1":{"name":"(anonymous_1)","decl":{"start":{"line":27,"column":46},"end":{"line":27,"column":47}},"loc":{"start":{"line":27,"column":64},"end":{"line":29,"column":1}},"line":27}},"branchMap":{"0":{"loc":{"start":{"line":9,"column":41},"end":{"line":9,"column":57}},"type":"default-arg","locations":[{"start":{"line":9,"column":48},"end":{"line":9,"column":57}}],"line":9},"1":{"loc":{"start":{"line":20,"column":9},"end":{"line":20,"column":71}},"type":"cond-expr","locations":[{"start":{"line":20,"column":20},"end":{"line":20,"column":28}},{"start":{"line":20,"column":31},"end":{"line":20,"column":71}}],"line":20}},"s":{"0":31,"1":3,"2":1,"3":3},"f":{"0":31,"1":1},"b":{"0":[2],"1":[1,30]},"_coverageSchema":"1a1c01bbd47fc00a2c39e90264f33305004495a9","hash":"d0409b998ad5613c03a9eb1708f972ee1db79e5b"}
,"C:\\Users\\isabe\\Documents\\petHug\\src\\components\\ButtonInterface\\styles.ts": {"path":"C:\\Users\\isabe\\Documents\\petHug\\src\\components\\ButtonInterface\\styles.ts","statementMap":{"0":{"start":{"line":3,"column":15},"end":{"line":6,"column":1}},"1":{"start":{"line":7,"column":22},"end":{"line":41,"column":2}}},"fnMap":{},"branchMap":{},"s":{"0":3,"1":3},"f":{},"b":{},"_coverageSchema":"1a1c01bbd47fc00a2c39e90264f33305004495a9","hash":"fc5c2ee395f2742e8225353b01990ca4162e148c"}
,"C:\\Users\\isabe\\Documents\\petHug\\src\\components\\Header\\CustomHeader.tsx": {"path":"C:\\Users\\isabe\\Documents\\petHug\\src\\components\\Header\\CustomHeader.tsx","statementMap":{"0":{"start":{"line":6,"column":2},"end":{"line":13,"column":4}},"1":{"start":{"line":16,"column":15},"end":{"line":43,"column":2}}},"fnMap":{"0":{"name":"CustomHeader","decl":{"start":{"line":5,"column":24},"end":{"line":5,"column":36}},"loc":{"start":{"line":5,"column":39},"end":{"line":14,"column":1}},"line":5}},"branchMap":{"0":{"loc":{"start":{"line":19,"column":16},"end":{"line":19,"column":44}},"type":"binary-expr","locations":[{"start":{"line":19,"column":16},"end":{"line":19,"column":39}},{"start":{"line":19,"column":43},"end":{"line":19,"column":44}}],"line":19}},"s":{"0":16,"1":1},"f":{"0":16},"b":{"0":[1,1]},"_coverageSchema":"1a1c01bbd47fc00a2c39e90264f33305004495a9","hash":"e14170728e3e2d410fd4499148d57b77ca8e0a8b"}
,"C:\\Users\\isabe\\Documents\\petHug\\src\\components\\Loading\\index.tsx": {"path":"C:\\Users\\isabe\\Documents\\petHug\\src\\components\\Loading\\index.tsx","statementMap":{"0":{"start":{"line":5,"column":2},"end":{"line":10,"column":4}}},"fnMap":{"0":{"name":"Loading","decl":{"start":{"line":4,"column":16},"end":{"line":4,"column":23}},"loc":{"start":{"line":4,"column":26},"end":{"line":11,"column":1}},"line":4}},"branchMap":{},"s":{"0":2},"f":{"0":2},"b":{},"_coverageSchema":"1a1c01bbd47fc00a2c39e90264f33305004495a9","hash":"fb58315b00563f9ae79cc8a3a82a9e694e3d8806"}
,"C:\\Users\\isabe\\Documents\\petHug\\src\\context\\auth.tsx": {"path":"C:\\Users\\isabe\\Documents\\petHug\\src\\context\\auth.tsx","statementMap":{"0":{"start":{"line":16,"column":20},"end":{"line":16,"column":75}},"1":{"start":{"line":18,"column":28},"end":{"line":40,"column":1}},"2":{"start":{"line":19,"column":28},"end":{"line":19,"column":43}},"3":{"start":{"line":20,"column":26},"end":{"line":20,"column":53}},"4":{"start":{"line":21,"column":23},"end":{"line":21,"column":41}},"5":{"start":{"line":23,"column":22},"end":{"line":33,"column":3}},"6":{"start":{"line":24,"column":4},"end":{"line":32,"column":5}},"7":{"start":{"line":25,"column":27},"end":{"line":25,"column":69}},"8":{"start":{"line":26,"column":6},"end":{"line":26,"column":28}},"9":{"start":{"line":27,"column":6},"end":{"line":27,"column":21}},"10":{"start":{"line":29,"column":6},"end":{"line":29,"column":44}},"11":{"start":{"line":31,"column":6},"end":{"line":31,"column":18}},"12":{"start":{"line":35,"column":2},"end":{"line":39,"column":4}},"13":{"start":{"line":43,"column":18},"end":{"line":43,"column":41}},"14":{"start":{"line":44,"column":2},"end":{"line":46,"column":3}},"15":{"start":{"line":45,"column":4},"end":{"line":45,"column":65}},"16":{"start":{"line":47,"column":2},"end":{"line":47,"column":17}}},"fnMap":{"0":{"name":"(anonymous_0)","decl":{"start":{"line":18,"column":28},"end":{"line":18,"column":29}},"loc":{"start":{"line":18,"column":57},"end":{"line":40,"column":1}},"line":18},"1":{"name":"(anonymous_1)","decl":{"start":{"line":23,"column":22},"end":{"line":23,"column":23}},"loc":{"start":{"line":23,"column":73},"end":{"line":33,"column":3}},"line":23},"2":{"name":"useAuth","decl":{"start":{"line":42,"column":16},"end":{"line":42,"column":23}},"loc":{"start":{"line":42,"column":44},"end":{"line":48,"column":1}},"line":42}},"branchMap":{"0":{"loc":{"start":{"line":44,"column":2},"end":{"line":46,"column":3}},"type":"if","locations":[{"start":{"line":44,"column":2},"end":{"line":46,"column":3}},{"start":{},"end":{}}],"line":44}},"s":{"0":2,"1":2,"2":4,"3":4,"4":4,"5":4,"6":1,"7":1,"8":1,"9":1,"10":0,"11":0,"12":4,"13":8,"14":8,"15":0,"16":8},"f":{"0":4,"1":1,"2":8},"b":{"0":[0,8]},"_coverageSchema":"1a1c01bbd47fc00a2c39e90264f33305004495a9","hash":"a63e2f584a3e16a14b5cf01311635a87662c35eb"}
,"C:\\Users\\isabe\\Documents\\petHug\\src\\core\\generate-id.ts": {"path":"C:\\Users\\isabe\\Documents\\petHug\\src\\core\\generate-id.ts","statementMap":{"0":{"start":{"line":3,"column":20},"end":{"line":3,"column":43}},"1":{"start":{"line":4,"column":21},"end":{"line":4,"column":57}},"2":{"start":{"line":6,"column":2},"end":{"line":6,"column":32}}},"fnMap":{"0":{"name":"generateUniqueId","decl":{"start":{"line":2,"column":16},"end":{"line":2,"column":32}},"loc":{"start":{"line":2,"column":43},"end":{"line":7,"column":1}},"line":2}},"branchMap":{},"s":{"0":14,"1":14,"2":14},"f":{"0":14},"b":{},"_coverageSchema":"1a1c01bbd47fc00a2c39e90264f33305004495a9","hash":"1cb8ef4ae364875043e8620fbc6f304a99d43bc4"}
,"C:\\Users\\isabe\\Documents\\petHug\\src\\core\\domain\\entities\\PetPerfil.ts": {"path":"C:\\Users\\isabe\\Documents\\petHug\\src\\core\\domain\\entities\\PetPerfil.ts","statementMap":{"0":{"start":{"line":24,"column":15},"end":{"line":24,"column":33}},"1":{"start":{"line":25,"column":4},"end":{"line":25,"column":70}},"2":{"start":{"line":36,"column":4},"end":{"line":36,"column":70}}},"fnMap":{"0":{"name":"(anonymous_0)","decl":{"start":{"line":8,"column":2},"end":{"line":8,"column":3}},"loc":{"start":{"line":15,"column":4},"end":{"line":15,"column":6}},"line":15},"1":{"name":"(anonymous_1)","decl":{"start":{"line":17,"column":2},"end":{"line":17,"column":3}},"loc":{"start":{"line":23,"column":15},"end":{"line":26,"column":3}},"line":23},"2":{"name":"(anonymous_2)","decl":{"start":{"line":28,"column":2},"end":{"line":28,"column":3}},"loc":{"start":{"line":35,"column":15},"end":{"line":37,"column":3}},"line":35}},"branchMap":{},"s":{"0":14,"1":14,"2":4},"f":{"0":18,"1":14,"2":4},"b":{},"_coverageSchema":"1a1c01bbd47fc00a2c39e90264f33305004495a9","hash":"9365ed2c8784e547d815d1e5a043505a9bbd8ace"}
,"C:\\Users\\isabe\\Documents\\petHug\\src\\core\\domain\\entities\\User.ts": {"path":"C:\\Users\\isabe\\Documents\\petHug\\src\\core\\domain\\entities\\User.ts","statementMap":{"0":{"start":{"line":22,"column":4},"end":{"line":22,"column":57}}},"fnMap":{"0":{"name":"(anonymous_0)","decl":{"start":{"line":7,"column":2},"end":{"line":7,"column":3}},"loc":{"start":{"line":13,"column":4},"end":{"line":13,"column":6}},"line":13},"1":{"name":"(anonymous_1)","decl":{"start":{"line":15,"column":2},"end":{"line":15,"column":3}},"loc":{"start":{"line":21,"column":10},"end":{"line":23,"column":3}},"line":21}},"branchMap":{},"s":{"0":22},"f":{"0":22,"1":22},"b":{},"_coverageSchema":"1a1c01bbd47fc00a2c39e90264f33305004495a9","hash":"1f24e1efb2a2fc9e7c9517cc0d29b0cca09c10e2"}
,"C:\\Users\\isabe\\Documents\\petHug\\src\\core\\domain\\use-cases\\petPerfil\\DeletePet.ts": {"path":"C:\\Users\\isabe\\Documents\\petHug\\src\\core\\domain\\use-cases\\petPerfil\\DeletePet.ts","statementMap":{"0":{"start":{"line":7,"column":19},"end":{"line":7,"column":25}},"1":{"start":{"line":9,"column":19},"end":{"line":9,"column":62}},"2":{"start":{"line":11,"column":4},"end":{"line":13,"column":5}},"3":{"start":{"line":12,"column":6},"end":{"line":12,"column":39}},"4":{"start":{"line":15,"column":4},"end":{"line":15,"column":46}}},"fnMap":{"0":{"name":"(anonymous_0)","decl":{"start":{"line":4,"column":2},"end":{"line":4,"column":3}},"loc":{"start":{"line":4,"column":74},"end":{"line":4,"column":76}},"line":4},"1":{"name":"(anonymous_1)","decl":{"start":{"line":6,"column":2},"end":{"line":6,"column":3}},"loc":{"start":{"line":6,"column":55},"end":{"line":16,"column":3}},"line":6}},"branchMap":{"0":{"loc":{"start":{"line":11,"column":4},"end":{"line":13,"column":5}},"type":"if","locations":[{"start":{"line":11,"column":4},"end":{"line":13,"column":5}},{"start":{},"end":{}}],"line":11}},"s":{"0":3,"1":3,"2":3,"3":1,"4":2},"f":{"0":20,"1":3},"b":{"0":[1,2]},"_coverageSchema":"1a1c01bbd47fc00a2c39e90264f33305004495a9","hash":"8a2b4847c0a48077f278ef20e483fff8fdb0d54d"}
,"C:\\Users\\isabe\\Documents\\petHug\\src\\core\\domain\\use-cases\\petPerfil\\FindAllPets.ts": {"path":"C:\\Users\\isabe\\Documents\\petHug\\src\\core\\domain\\use-cases\\petPerfil\\FindAllPets.ts","statementMap":{"0":{"start":{"line":9,"column":4},"end":{"line":9,"column":47}}},"fnMap":{"0":{"name":"(anonymous_0)","decl":{"start":{"line":5,"column":2},"end":{"line":5,"column":3}},"loc":{"start":{"line":5,"column":75},"end":{"line":5,"column":77}},"line":5},"1":{"name":"(anonymous_1)","decl":{"start":{"line":7,"column":2},"end":{"line":7,"column":3}},"loc":{"start":{"line":7,"column":40},"end":{"line":10,"column":3}},"line":7}},"branchMap":{},"s":{"0":2},"f":{"0":20,"1":2},"b":{},"_coverageSchema":"1a1c01bbd47fc00a2c39e90264f33305004495a9","hash":"575f8f842fd07793c3116e51d0fe49fa95fb46c4"}
,"C:\\Users\\isabe\\Documents\\petHug\\src\\core\\domain\\use-cases\\petPerfil\\FindPet.ts": {"path":"C:\\Users\\isabe\\Documents\\petHug\\src\\core\\domain\\use-cases\\petPerfil\\FindPet.ts","statementMap":{"0":{"start":{"line":8,"column":4},"end":{"line":8,"column":56}}},"fnMap":{"0":{"name":"(anonymous_0)","decl":{"start":{"line":5,"column":2},"end":{"line":5,"column":3}},"loc":{"start":{"line":5,"column":75},"end":{"line":5,"column":77}},"line":5},"1":{"name":"(anonymous_1)","decl":{"start":{"line":7,"column":2},"end":{"line":7,"column":3}},"loc":{"start":{"line":7,"column":67},"end":{"line":9,"column":3}},"line":7}},"branchMap":{},"s":{"0":3},"f":{"0":20,"1":3},"b":{},"_coverageSchema":"1a1c01bbd47fc00a2c39e90264f33305004495a9","hash":"1c3794533336b4ed47fa1ddd81d641963d70b18a"}
,"C:\\Users\\isabe\\Documents\\petHug\\src\\core\\domain\\use-cases\\petPerfil\\FindPetsByDonoId.ts": {"path":"C:\\Users\\isabe\\Documents\\petHug\\src\\core\\domain\\use-cases\\petPerfil\\FindPetsByDonoId.ts","statementMap":{"0":{"start":{"line":14,"column":23},"end":{"line":14,"column":29}},"1":{"start":{"line":17,"column":17},"end":{"line":17,"column":69}},"2":{"start":{"line":19,"column":4},"end":{"line":19,"column":16}}},"fnMap":{"0":{"name":"(anonymous_0)","decl":{"start":{"line":10,"column":2},"end":{"line":10,"column":3}},"loc":{"start":{"line":10,"column":75},"end":{"line":10,"column":77}},"line":10},"1":{"name":"(anonymous_1)","decl":{"start":{"line":13,"column":2},"end":{"line":13,"column":3}},"loc":{"start":{"line":13,"column":53},"end":{"line":20,"column":3}},"line":13}},"branchMap":{},"s":{"0":6,"1":6,"2":6},"f":{"0":21,"1":6},"b":{},"_coverageSchema":"1a1c01bbd47fc00a2c39e90264f33305004495a9","hash":"ddf51cf8de2827fed120b3a82ea242beba23e8d5"}
,"C:\\Users\\isabe\\Documents\\petHug\\src\\core\\domain\\use-cases\\petPerfil\\RegisterPet.ts": {"path":"C:\\Users\\isabe\\Documents\\petHug\\src\\core\\domain\\use-cases\\petPerfil\\RegisterPet.ts","statementMap":{"0":{"start":{"line":11,"column":4},"end":{"line":11,"column":44}},"1":{"start":{"line":12,"column":4},"end":{"line":12,"column":36}},"2":{"start":{"line":32,"column":17},"end":{"line":32,"column":66}},"3":{"start":{"line":33,"column":4},"end":{"line":36,"column":5}},"4":{"start":{"line":35,"column":6},"end":{"line":35,"column":36}},"5":{"start":{"line":38,"column":60},"end":{"line":38,"column":66}},"6":{"start":{"line":40,"column":23},"end":{"line":48,"column":5}},"7":{"start":{"line":50,"column":4},"end":{"line":50,"column":53}},"8":{"start":{"line":52,"column":4},"end":{"line":52,"column":22}}},"fnMap":{"0":{"name":"(anonymous_0)","decl":{"start":{"line":10,"column":2},"end":{"line":10,"column":3}},"loc":{"start":{"line":10,"column":16},"end":{"line":13,"column":3}},"line":10},"1":{"name":"(anonymous_1)","decl":{"start":{"line":17,"column":2},"end":{"line":17,"column":3}},"loc":{"start":{"line":21,"column":4},"end":{"line":21,"column":6}},"line":21},"2":{"name":"(anonymous_2)","decl":{"start":{"line":23,"column":2},"end":{"line":23,"column":3}},"loc":{"start":{"line":31,"column":25},"end":{"line":53,"column":3}},"line":31}},"branchMap":{"0":{"loc":{"start":{"line":33,"column":4},"end":{"line":36,"column":5}},"type":"if","locations":[{"start":{"line":33,"column":4},"end":{"line":36,"column":5}},{"start":{},"end":{}}],"line":33}},"s":{"0":1,"1":1,"2":13,"3":13,"4":1,"5":12,"6":12,"7":12,"8":12},"f":{"0":1,"1":33,"2":13},"b":{"0":[1,12]},"_coverageSchema":"1a1c01bbd47fc00a2c39e90264f33305004495a9","hash":"85bfd9688486fe949591bb39d6dc702083966448"}
,"C:\\Users\\isabe\\Documents\\petHug\\src\\core\\domain\\use-cases\\petPerfil\\UpadatePet.ts": {"path":"C:\\Users\\isabe\\Documents\\petHug\\src\\core\\domain\\use-cases\\petPerfil\\UpadatePet.ts","statementMap":{"0":{"start":{"line":16,"column":59},"end":{"line":16,"column":65}},"1":{"start":{"line":18,"column":23},"end":{"line":18,"column":70}},"2":{"start":{"line":20,"column":4},"end":{"line":22,"column":5}},"3":{"start":{"line":21,"column":6},"end":{"line":21,"column":54}},"4":{"start":{"line":24,"column":20},"end":{"line":24,"column":62}},"5":{"start":{"line":25,"column":21},"end":{"line":25,"column":72}},"6":{"start":{"line":26,"column":25},"end":{"line":26,"column":58}},"7":{"start":{"line":27,"column":24},"end":{"line":27,"column":56}},"8":{"start":{"line":30,"column":26},"end":{"line":37,"column":1}},"9":{"start":{"line":39,"column":4},"end":{"line":39,"column":62}},"10":{"start":{"line":41,"column":4},"end":{"line":41,"column":29}}},"fnMap":{"0":{"name":"(anonymous_0)","decl":{"start":{"line":7,"column":2},"end":{"line":7,"column":3}},"loc":{"start":{"line":7,"column":75},"end":{"line":7,"column":77}},"line":7},"1":{"name":"(anonymous_1)","decl":{"start":{"line":9,"column":2},"end":{"line":9,"column":3}},"loc":{"start":{"line":15,"column":25},"end":{"line":42,"column":3}},"line":15}},"branchMap":{"0":{"loc":{"start":{"line":20,"column":4},"end":{"line":22,"column":5}},"type":"if","locations":[{"start":{"line":20,"column":4},"end":{"line":22,"column":5}},{"start":{},"end":{}}],"line":20},"1":{"loc":{"start":{"line":24,"column":20},"end":{"line":24,"column":62}},"type":"cond-expr","locations":[{"start":{"line":24,"column":27},"end":{"line":24,"column":44}},{"start":{"line":24,"column":47},"end":{"line":24,"column":62}}],"line":24},"2":{"loc":{"start":{"line":25,"column":21},"end":{"line":25,"column":72}},"type":"cond-expr","locations":[{"start":{"line":25,"column":32},"end":{"line":25,"column":54}},{"start":{"line":25,"column":57},"end":{"line":25,"column":72}}],"line":25},"3":{"loc":{"start":{"line":26,"column":25},"end":{"line":26,"column":58}},"type":"binary-expr","locations":[{"start":{"line":26,"column":25},"end":{"line":26,"column":34}},{"start":{"line":26,"column":38},"end":{"line":26,"column":58}}],"line":26},"4":{"loc":{"start":{"line":27,"column":24},"end":{"line":27,"column":56}},"type":"binary-expr","locations":[{"start":{"line":27,"column":24},"end":{"line":27,"column":32}},{"start":{"line":27,"column":37},"end":{"line":27,"column":56}}],"line":27}},"s":{"0":5,"1":5,"2":5,"3":1,"4":4,"5":4,"6":4,"7":4,"8":4,"9":4,"10":4},"f":{"0":22,"1":5},"b":{"0":[1,4],"1":[1,3],"2":[1,3],"3":[4,2],"4":[4,2]},"_coverageSchema":"1a1c01bbd47fc00a2c39e90264f33305004495a9","hash":"2bcf8846fa789ea4e2ee1618084ac0ccfbbd342e"}
,"C:\\Users\\isabe\\Documents\\petHug\\src\\core\\domain\\use-cases\\user\\FindUser.ts": {"path":"C:\\Users\\isabe\\Documents\\petHug\\src\\core\\domain\\use-cases\\user\\FindUser.ts","statementMap":{"0":{"start":{"line":8,"column":4},"end":{"line":8,"column":51}}},"fnMap":{"0":{"name":"(anonymous_0)","decl":{"start":{"line":5,"column":2},"end":{"line":5,"column":3}},"loc":{"start":{"line":5,"column":64},"end":{"line":5,"column":66}},"line":5},"1":{"name":"(anonymous_1)","decl":{"start":{"line":7,"column":2},"end":{"line":7,"column":3}},"loc":{"start":{"line":7,"column":62},"end":{"line":9,"column":3}},"line":7}},"branchMap":{},"s":{"0":2},"f":{"0":13,"1":2},"b":{},"_coverageSchema":"1a1c01bbd47fc00a2c39e90264f33305004495a9","hash":"fd053d425134792bdd9e41ccf27686f86b8259fa"}
,"C:\\Users\\isabe\\Documents\\petHug\\src\\core\\domain\\use-cases\\user\\LoginUser.ts": {"path":"C:\\Users\\isabe\\Documents\\petHug\\src\\core\\domain\\use-cases\\user\\LoginUser.ts","statementMap":{"0":{"start":{"line":12,"column":32},"end":{"line":12,"column":38}},"1":{"start":{"line":14,"column":17},"end":{"line":14,"column":61}},"2":{"start":{"line":16,"column":4},"end":{"line":18,"column":5}},"3":{"start":{"line":17,"column":6},"end":{"line":17,"column":45}},"4":{"start":{"line":20,"column":28},"end":{"line":23,"column":5}},"5":{"start":{"line":25,"column":4},"end":{"line":27,"column":5}},"6":{"start":{"line":26,"column":6},"end":{"line":26,"column":45}},"7":{"start":{"line":29,"column":4},"end":{"line":29,"column":16}},"8":{"start":{"line":36,"column":4},"end":{"line":36,"column":51}}},"fnMap":{"0":{"name":"(anonymous_0)","decl":{"start":{"line":6,"column":2},"end":{"line":6,"column":3}},"loc":{"start":{"line":6,"column":64},"end":{"line":6,"column":66}},"line":6},"1":{"name":"(anonymous_1)","decl":{"start":{"line":8,"column":2},"end":{"line":8,"column":3}},"loc":{"start":{"line":11,"column":20},"end":{"line":30,"column":3}},"line":11},"2":{"name":"(anonymous_2)","decl":{"start":{"line":32,"column":2},"end":{"line":32,"column":3}},"loc":{"start":{"line":35,"column":22},"end":{"line":37,"column":3}},"line":35}},"branchMap":{"0":{"loc":{"start":{"line":16,"column":4},"end":{"line":18,"column":5}},"type":"if","locations":[{"start":{"line":16,"column":4},"end":{"line":18,"column":5}},{"start":{},"end":{}}],"line":16},"1":{"loc":{"start":{"line":25,"column":4},"end":{"line":27,"column":5}},"type":"if","locations":[{"start":{"line":25,"column":4},"end":{"line":27,"column":5}},{"start":{},"end":{}}],"line":25}},"s":{"0":4,"1":4,"2":4,"3":1,"4":3,"5":3,"6":1,"7":2,"8":3},"f":{"0":14,"1":4,"2":3},"b":{"0":[1,3],"1":[1,2]},"_coverageSchema":"1a1c01bbd47fc00a2c39e90264f33305004495a9","hash":"7f143bfa1ad2bb9ebec3d3b39428b08d4132e0d5"}
,"C:\\Users\\isabe\\Documents\\petHug\\src\\core\\domain\\use-cases\\user\\LogoutUser.ts": {"path":"C:\\Users\\isabe\\Documents\\petHug\\src\\core\\domain\\use-cases\\user\\LogoutUser.ts","statementMap":{"0":{"start":{"line":7,"column":4},"end":{"line":7,"column":53}}},"fnMap":{"0":{"name":"(anonymous_0)","decl":{"start":{"line":2,"column":2},"end":{"line":2,"column":3}},"loc":{"start":{"line":2,"column":16},"end":{"line":2,"column":18}},"line":2},"1":{"name":"(anonymous_1)","decl":{"start":{"line":4,"column":2},"end":{"line":4,"column":3}},"loc":{"start":{"line":4,"column":59},"end":{"line":8,"column":3}},"line":4}},"branchMap":{},"s":{"0":1},"f":{"0":12,"1":1},"b":{},"_coverageSchema":"1a1c01bbd47fc00a2c39e90264f33305004495a9","hash":"d620a103a2b4968b5ae8f69a50760e39ef508527"}
,"C:\\Users\\isabe\\Documents\\petHug\\src\\core\\domain\\use-cases\\user\\RegisterUser.ts": {"path":"C:\\Users\\isabe\\Documents\\petHug\\src\\core\\domain\\use-cases\\user\\RegisterUser.ts","statementMap":{"0":{"start":{"line":18,"column":59},"end":{"line":18,"column":65}},"1":{"start":{"line":20,"column":23},"end":{"line":20,"column":67}},"2":{"start":{"line":22,"column":4},"end":{"line":24,"column":5}},"3":{"start":{"line":23,"column":6},"end":{"line":23,"column":45}},"4":{"start":{"line":26,"column":27},"end":{"line":26,"column":60}},"5":{"start":{"line":28,"column":17},"end":{"line":34,"column":5}},"6":{"start":{"line":36,"column":4},"end":{"line":36,"column":41}},"7":{"start":{"line":38,"column":4},"end":{"line":38,"column":16}},"8":{"start":{"line":42,"column":4},"end":{"line":42,"column":32}}},"fnMap":{"0":{"name":"(anonymous_0)","decl":{"start":{"line":9,"column":2},"end":{"line":9,"column":3}},"loc":{"start":{"line":9,"column":64},"end":{"line":9,"column":66}},"line":9},"1":{"name":"(anonymous_1)","decl":{"start":{"line":11,"column":2},"end":{"line":11,"column":3}},"loc":{"start":{"line":17,"column":20},"end":{"line":39,"column":3}},"line":17},"2":{"name":"(anonymous_2)","decl":{"start":{"line":41,"column":2},"end":{"line":41,"column":3}},"loc":{"start":{"line":41,"column":64},"end":{"line":43,"column":3}},"line":41}},"branchMap":{"0":{"loc":{"start":{"line":22,"column":4},"end":{"line":24,"column":5}},"type":"if","locations":[{"start":{"line":22,"column":4},"end":{"line":24,"column":5}},{"start":{},"end":{}}],"line":22}},"s":{"0":7,"1":7,"2":7,"3":1,"4":6,"5":6,"6":6,"7":6,"8":6},"f":{"0":16,"1":7,"2":6},"b":{"0":[1,6]},"_coverageSchema":"1a1c01bbd47fc00a2c39e90264f33305004495a9","hash":"b330456dee93f4a415433705b9f5ce2a2566787b"}
,"C:\\Users\\isabe\\Documents\\petHug\\src\\core\\domain\\value-objects\\Email.ts": {"path":"C:\\Users\\isabe\\Documents\\petHug\\src\\core\\domain\\value-objects\\Email.ts","statementMap":{"0":{"start":{"line":5,"column":4},"end":{"line":7,"column":5}},"1":{"start":{"line":6,"column":6},"end":{"line":6,"column":39}},"2":{"start":{"line":8,"column":4},"end":{"line":8,"column":28}},"3":{"start":{"line":12,"column":23},"end":{"line":12,"column":58}},"4":{"start":{"line":13,"column":4},"end":{"line":13,"column":34}}},"fnMap":{"0":{"name":"(anonymous_0)","decl":{"start":{"line":2,"column":2},"end":{"line":2,"column":3}},"loc":{"start":{"line":2,"column":46},"end":{"line":2,"column":48}},"line":2},"1":{"name":"(anonymous_1)","decl":{"start":{"line":4,"column":2},"end":{"line":4,"column":3}},"loc":{"start":{"line":4,"column":38},"end":{"line":9,"column":3}},"line":4},"2":{"name":"(anonymous_2)","decl":{"start":{"line":11,"column":2},"end":{"line":11,"column":3}},"loc":{"start":{"line":11,"column":50},"end":{"line":14,"column":3}},"line":11}},"branchMap":{"0":{"loc":{"start":{"line":5,"column":4},"end":{"line":7,"column":5}},"type":"if","locations":[{"start":{"line":5,"column":4},"end":{"line":7,"column":5}},{"start":{},"end":{}}],"line":5}},"s":{"0":41,"1":1,"2":40,"3":41,"4":41},"f":{"0":40,"1":41,"2":41},"b":{"0":[1,40]},"_coverageSchema":"1a1c01bbd47fc00a2c39e90264f33305004495a9","hash":"d276e668f4b1f0ec8600917fdf69120b84b0f101"}
,"C:\\Users\\isabe\\Documents\\petHug\\src\\core\\domain\\value-objects\\GeoCoordinates.ts": {"path":"C:\\Users\\isabe\\Documents\\petHug\\src\\core\\domain\\value-objects\\GeoCoordinates.ts","statementMap":{"0":{"start":{"line":5,"column":4},"end":{"line":7,"column":5}},"1":{"start":{"line":6,"column":6},"end":{"line":6,"column":49}},"2":{"start":{"line":8,"column":4},"end":{"line":8,"column":51}},"3":{"start":{"line":12,"column":4},"end":{"line":12,"column":86}}},"fnMap":{"0":{"name":"(anonymous_0)","decl":{"start":{"line":2,"column":2},"end":{"line":2,"column":3}},"loc":{"start":{"line":2,"column":77},"end":{"line":2,"column":79}},"line":2},"1":{"name":"(anonymous_1)","decl":{"start":{"line":4,"column":2},"end":{"line":4,"column":3}},"loc":{"start":{"line":4,"column":69},"end":{"line":9,"column":3}},"line":4},"2":{"name":"(anonymous_2)","decl":{"start":{"line":11,"column":2},"end":{"line":11,"column":3}},"loc":{"start":{"line":11,"column":72},"end":{"line":13,"column":3}},"line":11}},"branchMap":{"0":{"loc":{"start":{"line":5,"column":4},"end":{"line":7,"column":5}},"type":"if","locations":[{"start":{"line":5,"column":4},"end":{"line":7,"column":5}},{"start":{},"end":{}}],"line":5},"1":{"loc":{"start":{"line":12,"column":11},"end":{"line":12,"column":85}},"type":"binary-expr","locations":[{"start":{"line":12,"column":11},"end":{"line":12,"column":26}},{"start":{"line":12,"column":30},"end":{"line":12,"column":44}},{"start":{"line":12,"column":48},"end":{"line":12,"column":65}},{"start":{"line":12,"column":69},"end":{"line":12,"column":85}}],"line":12}},"s":{"0":42,"1":2,"2":40,"3":42},"f":{"0":40,"1":42,"2":42},"b":{"0":[2,40],"1":[42,42,41,41]},"_coverageSchema":"1a1c01bbd47fc00a2c39e90264f33305004495a9","hash":"8a0ab8106115f969e58ee784792dbfbd101f5a69"}
,"C:\\Users\\isabe\\Documents\\petHug\\src\\core\\domain\\value-objects\\Name.ts": {"path":"C:\\Users\\isabe\\Documents\\petHug\\src\\core\\domain\\value-objects\\Name.ts","statementMap":{"0":{"start":{"line":5,"column":4},"end":{"line":7,"column":5}},"1":{"start":{"line":6,"column":6},"end":{"line":6,"column":38}},"2":{"start":{"line":8,"column":4},"end":{"line":8,"column":26}},"3":{"start":{"line":12,"column":4},"end":{"line":12,"column":27}}},"fnMap":{"0":{"name":"(anonymous_0)","decl":{"start":{"line":2,"column":2},"end":{"line":2,"column":3}},"loc":{"start":{"line":2,"column":46},"end":{"line":2,"column":48}},"line":2},"1":{"name":"(anonymous_1)","decl":{"start":{"line":4,"column":2},"end":{"line":4,"column":3}},"loc":{"start":{"line":4,"column":36},"end":{"line":9,"column":3}},"line":4},"2":{"name":"(anonymous_2)","decl":{"start":{"line":11,"column":2},"end":{"line":11,"column":3}},"loc":{"start":{"line":11,"column":49},"end":{"line":13,"column":3}},"line":11}},"branchMap":{"0":{"loc":{"start":{"line":5,"column":4},"end":{"line":7,"column":5}},"type":"if","locations":[{"start":{"line":5,"column":4},"end":{"line":7,"column":5}},{"start":{},"end":{}}],"line":5}},"s":{"0":56,"1":1,"2":55,"3":56},"f":{"0":55,"1":56,"2":56},"b":{"0":[1,55]},"_coverageSchema":"1a1c01bbd47fc00a2c39e90264f33305004495a9","hash":"31e4998cb87e89d956a2471e1064dbdb03b8e6d8"}
,"C:\\Users\\isabe\\Documents\\petHug\\src\\core\\domain\\value-objects\\Password.ts": {"path":"C:\\Users\\isabe\\Documents\\petHug\\src\\core\\domain\\value-objects\\Password.ts","statementMap":{"0":{"start":{"line":5,"column":4},"end":{"line":7,"column":5}},"1":{"start":{"line":6,"column":6},"end":{"line":6,"column":42}},"2":{"start":{"line":8,"column":4},"end":{"line":8,"column":34}},"3":{"start":{"line":12,"column":4},"end":{"line":12,"column":32}}},"fnMap":{"0":{"name":"(anonymous_0)","decl":{"start":{"line":2,"column":2},"end":{"line":2,"column":3}},"loc":{"start":{"line":2,"column":46},"end":{"line":2,"column":48}},"line":2},"1":{"name":"(anonymous_1)","decl":{"start":{"line":4,"column":2},"end":{"line":4,"column":3}},"loc":{"start":{"line":4,"column":44},"end":{"line":9,"column":3}},"line":4},"2":{"name":"(anonymous_2)","decl":{"start":{"line":11,"column":2},"end":{"line":11,"column":3}},"loc":{"start":{"line":11,"column":53},"end":{"line":13,"column":3}},"line":11}},"branchMap":{"0":{"loc":{"start":{"line":5,"column":4},"end":{"line":7,"column":5}},"type":"if","locations":[{"start":{"line":5,"column":4},"end":{"line":7,"column":5}},{"start":{},"end":{}}],"line":5}},"s":{"0":41,"1":1,"2":40,"3":41},"f":{"0":40,"1":41,"2":41},"b":{"0":[1,40]},"_coverageSchema":"1a1c01bbd47fc00a2c39e90264f33305004495a9","hash":"7319fceb4752576b9f955769d5aadafbd4a536a8"}
,"C:\\Users\\isabe\\Documents\\petHug\\src\\core\\domain\\value-objects\\Photo.ts": {"path":"C:\\Users\\isabe\\Documents\\petHug\\src\\core\\domain\\value-objects\\Photo.ts","statementMap":{"0":{"start":{"line":5,"column":4},"end":{"line":7,"column":5}},"1":{"start":{"line":6,"column":6},"end":{"line":6,"column":43}},"2":{"start":{"line":8,"column":4},"end":{"line":8,"column":26}},"3":{"start":{"line":12,"column":4},"end":{"line":17,"column":5}},"4":{"start":{"line":13,"column":6},"end":{"line":13,"column":19}},"5":{"start":{"line":14,"column":6},"end":{"line":14,"column":18}},"6":{"start":{"line":16,"column":6},"end":{"line":16,"column":19}}},"fnMap":{"0":{"name":"(anonymous_0)","decl":{"start":{"line":2,"column":2},"end":{"line":2,"column":3}},"loc":{"start":{"line":2,"column":44},"end":{"line":2,"column":46}},"line":2},"1":{"name":"(anonymous_1)","decl":{"start":{"line":4,"column":2},"end":{"line":4,"column":3}},"loc":{"start":{"line":4,"column":36},"end":{"line":9,"column":3}},"line":4},"2":{"name":"(anonymous_2)","decl":{"start":{"line":11,"column":2},"end":{"line":11,"column":3}},"loc":{"start":{"line":11,"column":48},"end":{"line":18,"column":3}},"line":11}},"branchMap":{"0":{"loc":{"start":{"line":5,"column":4},"end":{"line":7,"column":5}},"type":"if","locations":[{"start":{"line":5,"column":4},"end":{"line":7,"column":5}},{"start":{},"end":{}}],"line":5}},"s":{"0":17,"1":1,"2":16,"3":17,"4":17,"5":16,"6":1},"f":{"0":16,"1":17,"2":17},"b":{"0":[1,16]},"_coverageSchema":"1a1c01bbd47fc00a2c39e90264f33305004495a9","hash":"f747228f444c01be864a5b09ae0c6186e9f14405"}
,"C:\\Users\\isabe\\Documents\\petHug\\src\\core\\factories\\MakePetPerfilRepository.ts": {"path":"C:\\Users\\isabe\\Documents\\petHug\\src\\core\\factories\\MakePetPerfilRepository.ts","statementMap":{"0":{"start":{"line":17,"column":53},"end":{"line":17,"column":90}},"1":{"start":{"line":18,"column":42},"end":{"line":18,"column":74}},"2":{"start":{"line":20,"column":28},"end":{"line":23,"column":3}},"3":{"start":{"line":24,"column":26},"end":{"line":24,"column":67}},"4":{"start":{"line":25,"column":26},"end":{"line":25,"column":67}},"5":{"start":{"line":26,"column":24},"end":{"line":26,"column":63}},"6":{"start":{"line":27,"column":23},"end":{"line":27,"column":65}},"7":{"start":{"line":28,"column":22},"end":{"line":28,"column":59}},"8":{"start":{"line":30,"column":2},"end":{"line":37,"column":4}}},"fnMap":{"0":{"name":"makePetPerfilUseCases","decl":{"start":{"line":15,"column":16},"end":{"line":15,"column":37}},"loc":{"start":{"line":15,"column":40},"end":{"line":38,"column":1}},"line":15}},"branchMap":{},"s":{"0":18,"1":18,"2":18,"3":18,"4":18,"5":18,"6":18,"7":18,"8":18},"f":{"0":18},"b":{},"_coverageSchema":"1a1c01bbd47fc00a2c39e90264f33305004495a9","hash":"222cf0dd68f124959a03094a1958d68864839029"}
,"C:\\Users\\isabe\\Documents\\petHug\\src\\core\\factories\\MakeUserRepository.ts": {"path":"C:\\Users\\isabe\\Documents\\petHug\\src\\core\\factories\\MakeUserRepository.ts","statementMap":{"0":{"start":{"line":9,"column":42},"end":{"line":9,"column":74}},"1":{"start":{"line":11,"column":23},"end":{"line":11,"column":55}},"2":{"start":{"line":12,"column":20},"end":{"line":12,"column":49}},"3":{"start":{"line":13,"column":21},"end":{"line":13,"column":37}},"4":{"start":{"line":14,"column":19},"end":{"line":14,"column":47}},"5":{"start":{"line":16,"column":2},"end":{"line":21,"column":4}}},"fnMap":{"0":{"name":"makeUserUseCases","decl":{"start":{"line":8,"column":16},"end":{"line":8,"column":32}},"loc":{"start":{"line":8,"column":35},"end":{"line":22,"column":1}},"line":8}},"branchMap":{},"s":{"0":11,"1":11,"2":11,"3":11,"4":11,"5":11},"f":{"0":11},"b":{},"_coverageSchema":"1a1c01bbd47fc00a2c39e90264f33305004495a9","hash":"895c348d375540e6bc4859d78458cb82d53ac6df"}
,"C:\\Users\\isabe\\Documents\\petHug\\src\\core\\infra\\repositories\\MockPetPerfilRepository.ts": {"path":"C:\\Users\\isabe\\Documents\\petHug\\src\\core\\infra\\repositories\\MockPetPerfilRepository.ts","statementMap":{"0":{"start":{"line":8,"column":37},"end":{"line":8,"column":39}},"1":{"start":{"line":14,"column":4},"end":{"line":16,"column":5}},"2":{"start":{"line":15,"column":6},"end":{"line":15,"column":71}},"3":{"start":{"line":17,"column":4},"end":{"line":17,"column":44}},"4":{"start":{"line":23,"column":4},"end":{"line":23,"column":28}},"5":{"start":{"line":27,"column":4},"end":{"line":27,"column":38}},"6":{"start":{"line":31,"column":4},"end":{"line":31,"column":71}},"7":{"start":{"line":31,"column":44},"end":{"line":31,"column":61}},"8":{"start":{"line":35,"column":4},"end":{"line":35,"column":73}},"9":{"start":{"line":35,"column":46},"end":{"line":35,"column":71}},"10":{"start":{"line":39,"column":25},"end":{"line":39,"column":80}},"11":{"start":{"line":39,"column":57},"end":{"line":39,"column":79}},"12":{"start":{"line":40,"column":4},"end":{"line":42,"column":5}},"13":{"start":{"line":41,"column":6},"end":{"line":41,"column":50}},"14":{"start":{"line":46,"column":4},"end":{"line":46,"column":77}},"15":{"start":{"line":46,"column":58},"end":{"line":46,"column":75}},"16":{"start":{"line":51,"column":4},"end":{"line":51,"column":26}}},"fnMap":{"0":{"name":"(anonymous_0)","decl":{"start":{"line":11,"column":2},"end":{"line":11,"column":3}},"loc":{"start":{"line":11,"column":24},"end":{"line":11,"column":27}},"line":11},"1":{"name":"(anonymous_1)","decl":{"start":{"line":13,"column":2},"end":{"line":13,"column":3}},"loc":{"start":{"line":13,"column":55},"end":{"line":18,"column":3}},"line":13},"2":{"name":"(anonymous_2)","decl":{"start":{"line":22,"column":2},"end":{"line":22,"column":3}},"loc":{"start":{"line":22,"column":40},"end":{"line":24,"column":3}},"line":22},"3":{"name":"(anonymous_3)","decl":{"start":{"line":26,"column":2},"end":{"line":26,"column":3}},"loc":{"start":{"line":26,"column":51},"end":{"line":28,"column":3}},"line":26},"4":{"name":"(anonymous_4)","decl":{"start":{"line":30,"column":2},"end":{"line":30,"column":3}},"loc":{"start":{"line":30,"column":56},"end":{"line":32,"column":3}},"line":30},"5":{"name":"(anonymous_5)","decl":{"start":{"line":31,"column":33},"end":{"line":31,"column":34}},"loc":{"start":{"line":31,"column":44},"end":{"line":31,"column":61}},"line":31},"6":{"name":"(anonymous_6)","decl":{"start":{"line":34,"column":2},"end":{"line":34,"column":3}},"loc":{"start":{"line":34,"column":59},"end":{"line":36,"column":3}},"line":34},"7":{"name":"(anonymous_7)","decl":{"start":{"line":35,"column":35},"end":{"line":35,"column":36}},"loc":{"start":{"line":35,"column":46},"end":{"line":35,"column":71}},"line":35},"8":{"name":"(anonymous_8)","decl":{"start":{"line":38,"column":2},"end":{"line":38,"column":3}},"loc":{"start":{"line":38,"column":53},"end":{"line":43,"column":3}},"line":38},"9":{"name":"(anonymous_9)","decl":{"start":{"line":39,"column":52},"end":{"line":39,"column":53}},"loc":{"start":{"line":39,"column":57},"end":{"line":39,"column":79}},"line":39},"10":{"name":"(anonymous_10)","decl":{"start":{"line":45,"column":2},"end":{"line":45,"column":3}},"loc":{"start":{"line":45,"column":42},"end":{"line":47,"column":3}},"line":45},"11":{"name":"(anonymous_11)","decl":{"start":{"line":46,"column":47},"end":{"line":46,"column":48}},"loc":{"start":{"line":46,"column":58},"end":{"line":46,"column":75}},"line":46},"12":{"name":"(anonymous_12)","decl":{"start":{"line":50,"column":2},"end":{"line":50,"column":3}},"loc":{"start":{"line":50,"column":16},"end":{"line":52,"column":3}},"line":50}},"branchMap":{"0":{"loc":{"start":{"line":14,"column":4},"end":{"line":16,"column":5}},"type":"if","locations":[{"start":{"line":14,"column":4},"end":{"line":16,"column":5}},{"start":{},"end":{}}],"line":14},"1":{"loc":{"start":{"line":31,"column":11},"end":{"line":31,"column":70}},"type":"binary-expr","locations":[{"start":{"line":31,"column":11},"end":{"line":31,"column":62}},{"start":{"line":31,"column":66},"end":{"line":31,"column":70}}],"line":31},"2":{"loc":{"start":{"line":40,"column":4},"end":{"line":42,"column":5}},"type":"if","locations":[{"start":{"line":40,"column":4},"end":{"line":42,"column":5}},{"start":{},"end":{}}],"line":40}},"s":{"0":9,"1":35,"2":9,"3":35,"4":2,"5":12,"6":14,"7":11,"8":6,"9":5,"10":5,"11":4,"12":5,"13":4,"14":2,"15":2,"16":14},"f":{"0":9,"1":35,"2":2,"3":12,"4":14,"5":11,"6":6,"7":5,"8":5,"9":4,"10":2,"11":2,"12":14},"b":{"0":[9,26],"1":[14,4],"2":[4,1]},"_coverageSchema":"1a1c01bbd47fc00a2c39e90264f33305004495a9","hash":"f28e5f831e93c428a3e3b9ddcd60a2a8d94075ea"}
,"C:\\Users\\isabe\\Documents\\petHug\\src\\core\\infra\\repositories\\MockUserRepository.ts": {"path":"C:\\Users\\isabe\\Documents\\petHug\\src\\core\\infra\\repositories\\MockUserRepository.ts","statementMap":{"0":{"start":{"line":10,"column":26},"end":{"line":16,"column":4}},"1":{"start":{"line":21,"column":4},"end":{"line":23,"column":5}},"2":{"start":{"line":22,"column":6},"end":{"line":22,"column":61}},"3":{"start":{"line":24,"column":4},"end":{"line":24,"column":39}},"4":{"start":{"line":28,"column":4},"end":{"line":28,"column":26}},"5":{"start":{"line":32,"column":4},"end":{"line":32,"column":71}},"6":{"start":{"line":32,"column":35},"end":{"line":32,"column":61}},"7":{"start":{"line":36,"column":4},"end":{"line":36,"column":59}},"8":{"start":{"line":36,"column":35},"end":{"line":36,"column":49}},"9":{"start":{"line":40,"column":22},"end":{"line":40,"column":65}},"10":{"start":{"line":40,"column":48},"end":{"line":40,"column":64}},"11":{"start":{"line":41,"column":4},"end":{"line":43,"column":5}},"12":{"start":{"line":42,"column":6},"end":{"line":42,"column":35}},"13":{"start":{"line":47,"column":4},"end":{"line":47,"column":59}},"14":{"start":{"line":47,"column":43},"end":{"line":47,"column":57}},"15":{"start":{"line":51,"column":4},"end":{"line":51,"column":20}}},"fnMap":{"0":{"name":"(anonymous_0)","decl":{"start":{"line":18,"column":2},"end":{"line":18,"column":3}},"loc":{"start":{"line":18,"column":24},"end":{"line":18,"column":27}},"line":18},"1":{"name":"(anonymous_1)","decl":{"start":{"line":20,"column":2},"end":{"line":20,"column":3}},"loc":{"start":{"line":20,"column":50},"end":{"line":25,"column":3}},"line":20},"2":{"name":"(anonymous_2)","decl":{"start":{"line":27,"column":2},"end":{"line":27,"column":3}},"loc":{"start":{"line":27,"column":40},"end":{"line":29,"column":3}},"line":27},"3":{"name":"(anonymous_3)","decl":{"start":{"line":31,"column":2},"end":{"line":31,"column":3}},"loc":{"start":{"line":31,"column":57},"end":{"line":33,"column":3}},"line":31},"4":{"name":"(anonymous_4)","decl":{"start":{"line":32,"column":27},"end":{"line":32,"column":28}},"loc":{"start":{"line":32,"column":35},"end":{"line":32,"column":61}},"line":32},"5":{"name":"(anonymous_5)","decl":{"start":{"line":35,"column":2},"end":{"line":35,"column":3}},"loc":{"start":{"line":35,"column":51},"end":{"line":37,"column":3}},"line":35},"6":{"name":"(anonymous_6)","decl":{"start":{"line":36,"column":27},"end":{"line":36,"column":28}},"loc":{"start":{"line":36,"column":35},"end":{"line":36,"column":49}},"line":36},"7":{"name":"(anonymous_7)","decl":{"start":{"line":39,"column":2},"end":{"line":39,"column":3}},"loc":{"start":{"line":39,"column":42},"end":{"line":44,"column":3}},"line":39},"8":{"name":"(anonymous_8)","decl":{"start":{"line":40,"column":43},"end":{"line":40,"column":44}},"loc":{"start":{"line":40,"column":48},"end":{"line":40,"column":64}},"line":40},"9":{"name":"(anonymous_9)","decl":{"start":{"line":46,"column":2},"end":{"line":46,"column":3}},"loc":{"start":{"line":46,"column":42},"end":{"line":48,"column":3}},"line":46},"10":{"name":"(anonymous_10)","decl":{"start":{"line":47,"column":35},"end":{"line":47,"column":36}},"loc":{"start":{"line":47,"column":43},"end":{"line":47,"column":57}},"line":47},"11":{"name":"(anonymous_11)","decl":{"start":{"line":50,"column":2},"end":{"line":50,"column":3}},"loc":{"start":{"line":50,"column":23},"end":{"line":52,"column":3}},"line":50}},"branchMap":{"0":{"loc":{"start":{"line":21,"column":4},"end":{"line":23,"column":5}},"type":"if","locations":[{"start":{"line":21,"column":4},"end":{"line":23,"column":5}},{"start":{},"end":{}}],"line":21},"1":{"loc":{"start":{"line":32,"column":11},"end":{"line":32,"column":70}},"type":"binary-expr","locations":[{"start":{"line":32,"column":11},"end":{"line":32,"column":62}},{"start":{"line":32,"column":66},"end":{"line":32,"column":70}}],"line":32},"2":{"loc":{"start":{"line":36,"column":11},"end":{"line":36,"column":58}},"type":"binary-expr","locations":[{"start":{"line":36,"column":11},"end":{"line":36,"column":50}},{"start":{"line":36,"column":54},"end":{"line":36,"column":58}}],"line":36},"3":{"loc":{"start":{"line":41,"column":4},"end":{"line":43,"column":5}},"type":"if","locations":[{"start":{"line":41,"column":4},"end":{"line":43,"column":5}},{"start":{},"end":{}}],"line":41}},"s":{"0":17,"1":58,"2":14,"3":58,"4":20,"5":12,"6":10,"7":15,"8":16,"9":0,"10":0,"11":0,"12":0,"13":0,"14":0,"15":22},"f":{"0":17,"1":58,"2":20,"3":12,"4":10,"5":15,"6":16,"7":0,"8":0,"9":0,"10":0,"11":22},"b":{"0":[14,44],"1":[12,7],"2":[15,2],"3":[0,0]},"_coverageSchema":"1a1c01bbd47fc00a2c39e90264f33305004495a9","hash":"a472ac0b7a7bad1bc833c0eeb3c791342b849db8"}
,"C:\\Users\\isabe\\Documents\\petHug\\src\\navigation\\AreaPetStack.tsx": {"path":"C:\\Users\\isabe\\Documents\\petHug\\src\\navigation\\AreaPetStack.tsx","statementMap":{"0":{"start":{"line":17,"column":14},"end":{"line":17,"column":65}},"1":{"start":{"line":20,"column":2},"end":{"line":26,"column":4}}},"fnMap":{"0":{"name":"AreaPetStack","decl":{"start":{"line":19,"column":24},"end":{"line":19,"column":36}},"loc":{"start":{"line":19,"column":39},"end":{"line":27,"column":1}},"line":19}},"branchMap":{},"s":{"0":1,"1":1},"f":{"0":1},"b":{},"_coverageSchema":"1a1c01bbd47fc00a2c39e90264f33305004495a9","hash":"39ac1d6528b14d40f98794cb06acb9729c2bae43"}
,"C:\\Users\\isabe\\Documents\\petHug\\src\\navigation\\LoginstackNavigation.tsx": {"path":"C:\\Users\\isabe\\Documents\\petHug\\src\\navigation\\LoginstackNavigation.tsx","statementMap":{"0":{"start":{"line":6,"column":19},"end":{"line":11,"column":2}},"1":{"start":{"line":18,"column":4},"end":{"line":23,"column":5}}},"fnMap":{"0":{"name":"LoginStackNavigation","decl":{"start":{"line":17,"column":16},"end":{"line":17,"column":36}},"loc":{"start":{"line":17,"column":39},"end":{"line":24,"column":1}},"line":17}},"branchMap":{},"s":{"0":1,"1":1},"f":{"0":1},"b":{},"_coverageSchema":"1a1c01bbd47fc00a2c39e90264f33305004495a9","hash":"6ae31685992e17787db9f4e39e144fe08ef6fe18"}
,"C:\\Users\\isabe\\Documents\\petHug\\src\\navigation\\index.tsx": {"path":"C:\\Users\\isabe\\Documents\\petHug\\src\\navigation\\index.tsx","statementMap":{"0":{"start":{"line":9,"column":18},"end":{"line":9,"column":27}},"1":{"start":{"line":10,"column":2},"end":{"line":15,"column":4}}},"fnMap":{"0":{"name":"Navigation","decl":{"start":{"line":7,"column":24},"end":{"line":7,"column":34}},"loc":{"start":{"line":7,"column":37},"end":{"line":16,"column":1}},"line":7}},"branchMap":{"0":{"loc":{"start":{"line":12,"column":8},"end":{"line":12,"column":61}},"type":"cond-expr","locations":[{"start":{"line":12,"column":16},"end":{"line":12,"column":34}},{"start":{"line":12,"column":37},"end":{"line":12,"column":61}}],"line":12}},"s":{"0":2,"1":2},"f":{"0":2},"b":{"0":[1,1]},"_coverageSchema":"1a1c01bbd47fc00a2c39e90264f33305004495a9","hash":"a38ca73d36909b45373d37c2f2804242dbed8494"}
,"C:\\Users\\isabe\\Documents\\petHug\\src\\screens\\AreaPetScreen.tsx": {"path":"C:\\Users\\isabe\\Documents\\petHug\\src\\screens\\AreaPetScreen.tsx","statementMap":{"0":{"start":{"line":16,"column":23},"end":{"line":16,"column":47}},"1":{"start":{"line":19,"column":46},"end":{"line":19,"column":69}},"2":{"start":{"line":20,"column":28},"end":{"line":20,"column":53}},"3":{"start":{"line":21,"column":34},"end":{"line":21,"column":49}},"4":{"start":{"line":22,"column":30},"end":{"line":22,"column":59}},"5":{"start":{"line":24,"column":4},"end":{"line":43,"column":6}},"6":{"start":{"line":26,"column":33},"end":{"line":39,"column":13}},"7":{"start":{"line":27,"column":16},"end":{"line":27,"column":33}},"8":{"start":{"line":28,"column":16},"end":{"line":28,"column":31}},"9":{"start":{"line":29,"column":16},"end":{"line":38,"column":17}},"10":{"start":{"line":31,"column":42},"end":{"line":31,"column":95}},"11":{"start":{"line":32,"column":20},"end":{"line":32,"column":43}},"12":{"start":{"line":34,"column":20},"end":{"line":34,"column":75}},"13":{"start":{"line":35,"column":20},"end":{"line":35,"column":39}},"14":{"start":{"line":37,"column":20},"end":{"line":37,"column":38}},"15":{"start":{"line":41,"column":12},"end":{"line":41,"column":27}},"16":{"start":{"line":44,"column":28},"end":{"line":77,"column":5}},"17":{"start":{"line":46,"column":8},"end":{"line":76,"column":10}},"18":{"start":{"line":53,"column":35},"end":{"line":53,"column":68}},"19":{"start":{"line":60,"column":24},"end":{"line":71,"column":25}},"20":{"start":{"line":62,"column":28},"end":{"line":62,"column":73}},"21":{"start":{"line":65,"column":28},"end":{"line":65,"column":96}},"22":{"start":{"line":65,"column":51},"end":{"line":65,"column":94}},"23":{"start":{"line":65,"column":77},"end":{"line":65,"column":93}},"24":{"start":{"line":67,"column":28},"end":{"line":67,"column":82}},"25":{"start":{"line":69,"column":28},"end":{"line":69,"column":71}},"26":{"start":{"line":70,"column":28},"end":{"line":70,"column":83}},"27":{"start":{"line":82,"column":0},"end":{"line":125,"column":2}},"28":{"start":{"line":86,"column":38},"end":{"line":86,"column":73}},"29":{"start":{"line":101,"column":42},"end":{"line":101,"column":49}},"30":{"start":{"line":103,"column":24},"end":{"line":119,"column":31}},"31":{"start":{"line":108,"column":47},"end":{"line":108,"column":99}},"32":{"start":{"line":115,"column":55},"end":{"line":115,"column":96}},"33":{"start":{"line":128,"column":15},"end":{"line":203,"column":2}}},"fnMap":{"0":{"name":"AreaPetScreen","decl":{"start":{"line":15,"column":24},"end":{"line":15,"column":37}},"loc":{"start":{"line":15,"column":40},"end":{"line":126,"column":1}},"line":15},"1":{"name":"(anonymous_1)","decl":{"start":{"line":25,"column":20},"end":{"line":25,"column":21}},"loc":{"start":{"line":25,"column":26},"end":{"line":42,"column":9}},"line":25},"2":{"name":"(anonymous_2)","decl":{"start":{"line":26,"column":33},"end":{"line":26,"column":34}},"loc":{"start":{"line":26,"column":45},"end":{"line":39,"column":13}},"line":26},"3":{"name":"(anonymous_3)","decl":{"start":{"line":44,"column":28},"end":{"line":44,"column":29}},"loc":{"start":{"line":44,"column":64},"end":{"line":77,"column":5}},"line":44},"4":{"name":"(anonymous_4)","decl":{"start":{"line":53,"column":29},"end":{"line":53,"column":30}},"loc":{"start":{"line":53,"column":35},"end":{"line":53,"column":68}},"line":53},"5":{"name":"(anonymous_5)","decl":{"start":{"line":59,"column":29},"end":{"line":59,"column":30}},"loc":{"start":{"line":59,"column":41},"end":{"line":72,"column":21}},"line":59},"6":{"name":"(anonymous_6)","decl":{"start":{"line":65,"column":36},"end":{"line":65,"column":37}},"loc":{"start":{"line":65,"column":51},"end":{"line":65,"column":94}},"line":65},"7":{"name":"(anonymous_7)","decl":{"start":{"line":65,"column":70},"end":{"line":65,"column":71}},"loc":{"start":{"line":65,"column":77},"end":{"line":65,"column":93}},"line":65},"8":{"name":"(anonymous_8)","decl":{"start":{"line":86,"column":32},"end":{"line":86,"column":33}},"loc":{"start":{"line":86,"column":38},"end":{"line":86,"column":73}},"line":86},"9":{"name":"(anonymous_9)","decl":{"start":{"line":101,"column":34},"end":{"line":101,"column":35}},"loc":{"start":{"line":101,"column":42},"end":{"line":101,"column":49}},"line":101},"10":{"name":"(anonymous_10)","decl":{"start":{"line":102,"column":32},"end":{"line":102,"column":33}},"loc":{"start":{"line":103,"column":24},"end":{"line":119,"column":31}},"line":103},"11":{"name":"(anonymous_11)","decl":{"start":{"line":108,"column":41},"end":{"line":108,"column":42}},"loc":{"start":{"line":108,"column":47},"end":{"line":108,"column":99}},"line":108},"12":{"name":"(anonymous_12)","decl":{"start":{"line":115,"column":49},"end":{"line":115,"column":50}},"loc":{"start":{"line":115,"column":55},"end":{"line":115,"column":96}},"line":115}},"branchMap":{"0":{"loc":{"start":{"line":92,"column":13},"end":{"line":122,"column":13}},"type":"cond-expr","locations":[{"start":{"line":93,"column":16},"end":{"line":93,"column":66}},{"start":{"line":94,"column":16},"end":{"line":122,"column":13}}],"line":92},"1":{"loc":{"start":{"line":94,"column":16},"end":{"line":122,"column":13}},"type":"cond-expr","locations":[{"start":{"line":95,"column":16},"end":{"line":95,"column":61}},{"start":{"line":96,"column":16},"end":{"line":122,"column":13}}],"line":94},"2":{"loc":{"start":{"line":96,"column":16},"end":{"line":122,"column":13}},"type":"cond-expr","locations":[{"start":{"line":97,"column":16},"end":{"line":97,"column":90}},{"start":{"line":99,"column":16},"end":{"line":121,"column":18}}],"line":96}},"s":{"0":8,"1":8,"2":8,"3":8,"4":8,"5":8,"6":3,"7":3,"8":3,"9":3,"10":3,"11":3,"12":0,"13":0,"14":3,"15":3,"16":8,"17":1,"18":0,"19":1,"20":1,"21":1,"22":1,"23":1,"24":1,"25":0,"26":0,"27":8,"28":1,"29":4,"30":2,"31":1,"32":1,"33":1},"f":{"0":8,"1":3,"2":3,"3":1,"4":0,"5":1,"6":1,"7":1,"8":1,"9":4,"10":2,"11":1,"12":1},"b":{"0":[3,5],"1":[0,5],"2":[3,2]},"_coverageSchema":"1a1c01bbd47fc00a2c39e90264f33305004495a9","hash":"28fe8a1c90000875d8cd7e70cda0a5db5ada9366"}
,"C:\\Users\\isabe\\Documents\\petHug\\src\\screens\\CadastrarPetScreen.tsx": {"path":"C:\\Users\\isabe\\Documents\\petHug\\src\\screens\\CadastrarPetScreen.tsx","statementMap":{"0":{"start":{"line":11,"column":23},"end":{"line":11,"column":38}},"1":{"start":{"line":12,"column":34},"end":{"line":12,"column":57}},"2":{"start":{"line":14,"column":28},"end":{"line":14,"column":40}},"3":{"start":{"line":15,"column":28},"end":{"line":15,"column":40}},"4":{"start":{"line":16,"column":38},"end":{"line":16,"column":50}},"5":{"start":{"line":17,"column":36},"end":{"line":17,"column":48}},"6":{"start":{"line":18,"column":34},"end":{"line":18,"column":49}},"7":{"start":{"line":19,"column":30},"end":{"line":19,"column":59}},"8":{"start":{"line":21,"column":28},"end":{"line":45,"column":5}},"9":{"start":{"line":22,"column":8},"end":{"line":25,"column":9}},"10":{"start":{"line":23,"column":12},"end":{"line":23,"column":75}},"11":{"start":{"line":24,"column":12},"end":{"line":24,"column":19}},"12":{"start":{"line":26,"column":8},"end":{"line":26,"column":25}},"13":{"start":{"line":27,"column":8},"end":{"line":27,"column":23}},"14":{"start":{"line":28,"column":8},"end":{"line":44,"column":9}},"15":{"start":{"line":29,"column":12},"end":{"line":35,"column":15}},"16":{"start":{"line":36,"column":12},"end":{"line":36,"column":63}},"17":{"start":{"line":37,"column":12},"end":{"line":37,"column":32}},"18":{"start":{"line":39,"column":33},"end":{"line":39,"column":105}},"19":{"start":{"line":40,"column":12},"end":{"line":40,"column":35}},"20":{"start":{"line":41,"column":12},"end":{"line":41,"column":46}},"21":{"start":{"line":43,"column":12},"end":{"line":43,"column":30}},"22":{"start":{"line":47,"column":4},"end":{"line":123,"column":6}},"23":{"start":{"line":94,"column":40},"end":{"line":94,"column":62}},"24":{"start":{"line":116,"column":57},"end":{"line":116,"column":76}},"25":{"start":{"line":126,"column":15},"end":{"line":131,"column":1}},"26":{"start":{"line":132,"column":15},"end":{"line":212,"column":2}}},"fnMap":{"0":{"name":"CadastrarPetScreen","decl":{"start":{"line":10,"column":24},"end":{"line":10,"column":42}},"loc":{"start":{"line":10,"column":45},"end":{"line":124,"column":1}},"line":10},"1":{"name":"(anonymous_1)","decl":{"start":{"line":21,"column":28},"end":{"line":21,"column":29}},"loc":{"start":{"line":21,"column":40},"end":{"line":45,"column":5}},"line":21},"2":{"name":"(anonymous_2)","decl":{"start":{"line":93,"column":51},"end":{"line":93,"column":52}},"loc":{"start":{"line":94,"column":40},"end":{"line":94,"column":62}},"line":94},"3":{"name":"(anonymous_3)","decl":{"start":{"line":116,"column":51},"end":{"line":116,"column":52}},"loc":{"start":{"line":116,"column":57},"end":{"line":116,"column":76}},"line":116}},"branchMap":{"0":{"loc":{"start":{"line":22,"column":8},"end":{"line":25,"column":9}},"type":"if","locations":[{"start":{"line":22,"column":8},"end":{"line":25,"column":9}},{"start":{},"end":{}}],"line":22},"1":{"loc":{"start":{"line":22,"column":12},"end":{"line":22,"column":40}},"type":"binary-expr","locations":[{"start":{"line":22,"column":12},"end":{"line":22,"column":17}},{"start":{"line":22,"column":21},"end":{"line":22,"column":26}},{"start":{"line":22,"column":30},"end":{"line":22,"column":40}}],"line":22},"2":{"loc":{"start":{"line":39,"column":33},"end":{"line":39,"column":105}},"type":"cond-expr","locations":[{"start":{"line":39,"column":56},"end":{"line":39,"column":67}},{"start":{"line":39,"column":70},"end":{"line":39,"column":105}}],"line":39},"3":{"loc":{"start":{"line":51,"column":81},"end":{"line":51,"column":112}},"type":"cond-expr","locations":[{"start":{"line":51,"column":105},"end":{"line":51,"column":108}},{"start":{"line":51,"column":111},"end":{"line":51,"column":112}}],"line":51},"4":{"loc":{"start":{"line":108,"column":25},"end":{"line":112,"column":25}},"type":"cond-expr","locations":[{"start":{"line":109,"column":28},"end":{"line":109,"column":116}},{"start":{"line":111,"column":28},"end":{"line":111,"column":106}}],"line":108},"5":{"loc":{"start":{"line":114,"column":25},"end":{"line":114,"column":115}},"type":"binary-expr","locations":[{"start":{"line":114,"column":25},"end":{"line":114,"column":30}},{"start":{"line":114,"column":34},"end":{"line":114,"column":115}}],"line":114}},"s":{"0":5,"1":5,"2":5,"3":5,"4":5,"5":5,"6":5,"7":5,"8":5,"9":1,"10":0,"11":0,"12":1,"13":1,"14":1,"15":1,"16":1,"17":1,"18":0,"19":0,"20":0,"21":1,"22":5,"23":0,"24":0,"25":1,"26":1},"f":{"0":5,"1":1,"2":0,"3":0},"b":{"0":[0,1],"1":[1,1,1],"2":[0,0],"3":[5,0],"4":[1,4],"5":[5,0]},"_coverageSchema":"1a1c01bbd47fc00a2c39e90264f33305004495a9","hash":"6e03cc92e29be7e187bfca06f2ccfdf6f5bdaeaf"}
,"C:\\Users\\isabe\\Documents\\petHug\\src\\screens\\EditarPet.tsx": {"path":"C:\\Users\\isabe\\Documents\\petHug\\src\\screens\\EditarPet.tsx","statementMap":{"0":{"start":{"line":14,"column":18},"end":{"line":14,"column":54}},"1":{"start":{"line":15,"column":23},"end":{"line":15,"column":38}},"2":{"start":{"line":16,"column":22},"end":{"line":16,"column":34}},"3":{"start":{"line":18,"column":47},"end":{"line":18,"column":70}},"4":{"start":{"line":20,"column":34},"end":{"line":20,"column":48}},"5":{"start":{"line":21,"column":30},"end":{"line":21,"column":59}},"6":{"start":{"line":23,"column":28},"end":{"line":23,"column":40}},"7":{"start":{"line":24,"column":28},"end":{"line":24,"column":40}},"8":{"start":{"line":25,"column":38},"end":{"line":25,"column":50}},"9":{"start":{"line":26,"column":36},"end":{"line":26,"column":48}},"10":{"start":{"line":28,"column":4},"end":{"line":50,"column":16}},"11":{"start":{"line":29,"column":33},"end":{"line":48,"column":9}},"12":{"start":{"line":30,"column":12},"end":{"line":30,"column":29}},"13":{"start":{"line":31,"column":12},"end":{"line":47,"column":13}},"14":{"start":{"line":32,"column":38},"end":{"line":32,"column":80}},"15":{"start":{"line":33,"column":16},"end":{"line":41,"column":17}},"16":{"start":{"line":34,"column":20},"end":{"line":34,"column":54}},"17":{"start":{"line":35,"column":20},"end":{"line":35,"column":52}},"18":{"start":{"line":36,"column":20},"end":{"line":36,"column":58}},"19":{"start":{"line":37,"column":20},"end":{"line":37,"column":56}},"20":{"start":{"line":39,"column":20},"end":{"line":39,"column":52}},"21":{"start":{"line":40,"column":20},"end":{"line":40,"column":63}},"22":{"start":{"line":43,"column":16},"end":{"line":43,"column":71}},"23":{"start":{"line":44,"column":16},"end":{"line":44,"column":82}},"24":{"start":{"line":46,"column":16},"end":{"line":46,"column":34}},"25":{"start":{"line":49,"column":8},"end":{"line":49,"column":27}},"26":{"start":{"line":52,"column":35},"end":{"line":73,"column":5}},"27":{"start":{"line":53,"column":8},"end":{"line":53,"column":25}},"28":{"start":{"line":54,"column":8},"end":{"line":54,"column":23}},"29":{"start":{"line":55,"column":8},"end":{"line":72,"column":9}},"30":{"start":{"line":56,"column":12},"end":{"line":62,"column":15}},"31":{"start":{"line":63,"column":12},"end":{"line":63,"column":80}},"32":{"start":{"line":64,"column":12},"end":{"line":64,"column":32}},"33":{"start":{"line":66,"column":33},"end":{"line":66,"column":110}},"34":{"start":{"line":67,"column":12},"end":{"line":67,"column":35}},"35":{"start":{"line":68,"column":12},"end":{"line":68,"column":46}},"36":{"start":{"line":69,"column":12},"end":{"line":69,"column":31}},"37":{"start":{"line":71,"column":12},"end":{"line":71,"column":30}},"38":{"start":{"line":75,"column":4},"end":{"line":81,"column":5}},"39":{"start":{"line":76,"column":8},"end":{"line":80,"column":10}},"40":{"start":{"line":83,"column":4},"end":{"line":142,"column":6}},"41":{"start":{"line":113,"column":40},"end":{"line":113,"column":62}},"42":{"start":{"line":135,"column":57},"end":{"line":135,"column":76}},"43":{"start":{"line":145,"column":15},"end":{"line":150,"column":1}},"44":{"start":{"line":151,"column":15},"end":{"line":231,"column":2}}},"fnMap":{"0":{"name":"EditarPetScreen","decl":{"start":{"line":13,"column":24},"end":{"line":13,"column":39}},"loc":{"start":{"line":13,"column":42},"end":{"line":143,"column":1}},"line":13},"1":{"name":"(anonymous_1)","decl":{"start":{"line":28,"column":14},"end":{"line":28,"column":15}},"loc":{"start":{"line":28,"column":20},"end":{"line":50,"column":5}},"line":28},"2":{"name":"(anonymous_2)","decl":{"start":{"line":29,"column":33},"end":{"line":29,"column":34}},"loc":{"start":{"line":29,"column":45},"end":{"line":48,"column":9}},"line":29},"3":{"name":"(anonymous_3)","decl":{"start":{"line":52,"column":35},"end":{"line":52,"column":36}},"loc":{"start":{"line":52,"column":47},"end":{"line":73,"column":5}},"line":52},"4":{"name":"(anonymous_4)","decl":{"start":{"line":112,"column":51},"end":{"line":112,"column":52}},"loc":{"start":{"line":113,"column":40},"end":{"line":113,"column":62}},"line":113},"5":{"name":"(anonymous_5)","decl":{"start":{"line":135,"column":51},"end":{"line":135,"column":52}},"loc":{"start":{"line":135,"column":57},"end":{"line":135,"column":76}},"line":135}},"branchMap":{"0":{"loc":{"start":{"line":33,"column":16},"end":{"line":41,"column":17}},"type":"if","locations":[{"start":{"line":33,"column":16},"end":{"line":41,"column":17}},{"start":{"line":38,"column":23},"end":{"line":41,"column":17}}],"line":33},"1":{"loc":{"start":{"line":66,"column":33},"end":{"line":66,"column":110}},"type":"cond-expr","locations":[{"start":{"line":66,"column":56},"end":{"line":66,"column":67}},{"start":{"line":66,"column":70},"end":{"line":66,"column":110}}],"line":66},"2":{"loc":{"start":{"line":75,"column":4},"end":{"line":81,"column":5}},"type":"if","locations":[{"start":{"line":75,"column":4},"end":{"line":81,"column":5}},{"start":{},"end":{}}],"line":75},"3":{"loc":{"start":{"line":75,"column":8},"end":{"line":75,"column":24}},"type":"binary-expr","locations":[{"start":{"line":75,"column":8},"end":{"line":75,"column":15}},{"start":{"line":75,"column":19},"end":{"line":75,"column":24}}],"line":75},"4":{"loc":{"start":{"line":87,"column":81},"end":{"line":87,"column":112}},"type":"cond-expr","locations":[{"start":{"line":87,"column":105},"end":{"line":87,"column":108}},{"start":{"line":87,"column":111},"end":{"line":87,"column":112}}],"line":87},"5":{"loc":{"start":{"line":127,"column":25},"end":{"line":131,"column":25}},"type":"cond-expr","locations":[{"start":{"line":128,"column":28},"end":{"line":128,"column":116}},{"start":{"line":130,"column":28},"end":{"line":130,"column":121}}],"line":127},"6":{"loc":{"start":{"line":133,"column":25},"end":{"line":133,"column":115}},"type":"binary-expr","locations":[{"start":{"line":133,"column":25},"end":{"line":133,"column":30}},{"start":{"line":133,"column":34},"end":{"line":133,"column":115}}],"line":133}},"s":{"0":4,"1":4,"2":4,"3":4,"4":4,"5":4,"6":4,"7":4,"8":4,"9":4,"10":4,"11":1,"12":1,"13":1,"14":1,"15":1,"16":1,"17":1,"18":1,"19":1,"20":0,"21":0,"22":0,"23":0,"24":1,"25":1,"26":4,"27":1,"28":1,"29":1,"30":1,"31":1,"32":1,"33":0,"34":0,"35":0,"36":0,"37":1,"38":4,"39":1,"40":3,"41":0,"42":0,"43":1,"44":1},"f":{"0":4,"1":1,"2":1,"3":1,"4":0,"5":0},"b":{"0":[1,0],"1":[0,0],"2":[1,3],"3":[4,2],"4":[3,0],"5":[1,2],"6":[3,0]},"_coverageSchema":"1a1c01bbd47fc00a2c39e90264f33305004495a9","hash":"ad51df69cccd9c4aba6ac793a54fb1b4a5064576"}
,"C:\\Users\\isabe\\Documents\\petHug\\src\\screens\\Login.tsx": {"path":"C:\\Users\\isabe\\Documents\\petHug\\src\\screens\\Login.tsx","statementMap":{"0":{"start":{"line":12,"column":26},"end":{"line":12,"column":35}},"1":{"start":{"line":13,"column":28},"end":{"line":13,"column":40}},"2":{"start":{"line":14,"column":34},"end":{"line":14,"column":46}},"3":{"start":{"line":15,"column":32},"end":{"line":15,"column":47}},"4":{"start":{"line":16,"column":28},"end":{"line":16,"column":57}},"5":{"start":{"line":19,"column":4},"end":{"line":19,"column":21}},"6":{"start":{"line":20,"column":4},"end":{"line":20,"column":19}},"7":{"start":{"line":21,"column":4},"end":{"line":27,"column":5}},"8":{"start":{"line":22,"column":6},"end":{"line":22,"column":45}},"9":{"start":{"line":24,"column":6},"end":{"line":24,"column":38}},"10":{"start":{"line":26,"column":6},"end":{"line":26,"column":24}},"11":{"start":{"line":30,"column":2},"end":{"line":73,"column":4}},"12":{"start":{"line":69,"column":77},"end":{"line":69,"column":108}},"13":{"start":{"line":76,"column":15},"end":{"line":81,"column":1}},"14":{"start":{"line":82,"column":16},"end":{"line":148,"column":2}}},"fnMap":{"0":{"name":"LoginScreen","decl":{"start":{"line":11,"column":16},"end":{"line":11,"column":27}},"loc":{"start":{"line":11,"column":56},"end":{"line":74,"column":1}},"line":11},"1":{"name":"login","decl":{"start":{"line":18,"column":17},"end":{"line":18,"column":22}},"loc":{"start":{"line":18,"column":25},"end":{"line":28,"column":3}},"line":18},"2":{"name":"(anonymous_2)","decl":{"start":{"line":69,"column":71},"end":{"line":69,"column":72}},"loc":{"start":{"line":69,"column":77},"end":{"line":69,"column":108}},"line":69}},"branchMap":{"0":{"loc":{"start":{"line":32,"column":71},"end":{"line":32,"column":102}},"type":"cond-expr","locations":[{"start":{"line":32,"column":95},"end":{"line":32,"column":98}},{"start":{"line":32,"column":101},"end":{"line":32,"column":102}}],"line":32},"1":{"loc":{"start":{"line":63,"column":9},"end":{"line":67,"column":9}},"type":"cond-expr","locations":[{"start":{"line":64,"column":10},"end":{"line":64,"column":21}},{"start":{"line":66,"column":10},"end":{"line":66,"column":115}}],"line":63},"2":{"loc":{"start":{"line":68,"column":9},"end":{"line":68,"column":63}},"type":"binary-expr","locations":[{"start":{"line":68,"column":9},"end":{"line":68,"column":14}},{"start":{"line":68,"column":18},"end":{"line":68,"column":63}}],"line":68}},"s":{"0":5,"1":5,"2":5,"3":5,"4":5,"5":1,"6":1,"7":1,"8":1,"9":0,"10":1,"11":5,"12":1,"13":1,"14":1},"f":{"0":5,"1":1,"2":1},"b":{"0":[5,0],"1":[1,4],"2":[5,0]},"_coverageSchema":"1a1c01bbd47fc00a2c39e90264f33305004495a9","hash":"d8383d5963cbd4017ed9969c99d27440ac4f9dbb"}
,"C:\\Users\\isabe\\Documents\\petHug\\src\\screens\\Register.tsx": {"path":"C:\\Users\\isabe\\Documents\\petHug\\src\\screens\\Register.tsx","statementMap":{"0":{"start":{"line":12,"column":26},"end":{"line":12,"column":38}},"1":{"start":{"line":13,"column":28},"end":{"line":13,"column":40}},"2":{"start":{"line":14,"column":34},"end":{"line":14,"column":46}},"3":{"start":{"line":15,"column":32},"end":{"line":15,"column":47}},"4":{"start":{"line":16,"column":28},"end":{"line":16,"column":57}},"5":{"start":{"line":17,"column":23},"end":{"line":17,"column":41}},"6":{"start":{"line":20,"column":4},"end":{"line":20,"column":21}},"7":{"start":{"line":21,"column":4},"end":{"line":21,"column":19}},"8":{"start":{"line":22,"column":4},"end":{"line":36,"column":5}},"9":{"start":{"line":23,"column":6},"end":{"line":29,"column":9}},"10":{"start":{"line":30,"column":6},"end":{"line":30,"column":61}},"11":{"start":{"line":31,"column":6},"end":{"line":31,"column":35}},"12":{"start":{"line":33,"column":6},"end":{"line":33,"column":42}},"13":{"start":{"line":35,"column":6},"end":{"line":35,"column":24}},"14":{"start":{"line":39,"column":2},"end":{"line":92,"column":4}},"15":{"start":{"line":88,"column":70},"end":{"line":88,"column":98}},"16":{"start":{"line":95,"column":15},"end":{"line":100,"column":1}},"17":{"start":{"line":101,"column":16},"end":{"line":166,"column":2}}},"fnMap":{"0":{"name":"RegisterScreen","decl":{"start":{"line":11,"column":16},"end":{"line":11,"column":30}},"loc":{"start":{"line":11,"column":59},"end":{"line":93,"column":1}},"line":11},"1":{"name":"handleRegister","decl":{"start":{"line":19,"column":17},"end":{"line":19,"column":31}},"loc":{"start":{"line":19,"column":34},"end":{"line":37,"column":3}},"line":19},"2":{"name":"(anonymous_2)","decl":{"start":{"line":88,"column":64},"end":{"line":88,"column":65}},"loc":{"start":{"line":88,"column":70},"end":{"line":88,"column":98}},"line":88}},"branchMap":{"0":{"loc":{"start":{"line":41,"column":71},"end":{"line":41,"column":102}},"type":"cond-expr","locations":[{"start":{"line":41,"column":95},"end":{"line":41,"column":98}},{"start":{"line":41,"column":101},"end":{"line":41,"column":102}}],"line":41},"1":{"loc":{"start":{"line":82,"column":9},"end":{"line":86,"column":9}},"type":"cond-expr","locations":[{"start":{"line":83,"column":10},"end":{"line":83,"column":21}},{"start":{"line":85,"column":10},"end":{"line":85,"column":105}}],"line":82},"2":{"loc":{"start":{"line":87,"column":9},"end":{"line":87,"column":63}},"type":"binary-expr","locations":[{"start":{"line":87,"column":9},"end":{"line":87,"column":14}},{"start":{"line":87,"column":18},"end":{"line":87,"column":63}}],"line":87}},"s":{"0":6,"1":6,"2":6,"3":6,"4":6,"5":6,"6":1,"7":1,"8":1,"9":1,"10":1,"11":1,"12":0,"13":1,"14":6,"15":0,"16":1,"17":1},"f":{"0":6,"1":1,"2":0},"b":{"0":[6,0],"1":[1,5],"2":[6,0]},"_coverageSchema":"1a1c01bbd47fc00a2c39e90264f33305004495a9","hash":"12c973451c31b67475e50ddd6991866877532365"}
}
