TN:
SF:assets\logo_adote.png
FNF:0
FNH:0
DA:1,2
LF:1
LH:1
BRF:0
BRH:0
end_of_record
TN:
SF:src\components\ButtonInterface\index.tsx
FN:9,ButtonInterface
FN:27,(anonymous_1)
FNF:2
FNH:2
FNDA:31,ButtonInterface
FNDA:1,(anonymous_1)
DA:10,31
DA:27,3
DA:28,1
DA:31,3
LF:4
LH:4
BRDA:9,0,0,2
BRDA:20,1,0,1
BRDA:20,1,1,30
BRF:3
BRH:3
end_of_record
TN:
SF:src\components\ButtonInterface\styles.ts
FNF:0
FNH:0
DA:3,3
DA:7,3
LF:2
LH:2
BRF:0
BRH:0
end_of_record
TN:
SF:src\components\Header\CustomHeader.tsx
FN:5,CustomHeader
FNF:1
FNH:1
FNDA:16,CustomHeader
DA:6,16
DA:16,1
LF:2
LH:2
BRF:0
BRH:0
end_of_record
TN:
SF:src\components\Loading\index.tsx
FN:4,Loading
FNF:1
FNH:1
FNDA:2,Loading
DA:5,2
LF:1
LH:1
BRF:0
BRH:0
end_of_record
TN:
SF:src\context\auth.tsx
FN:18,(anonymous_0)
FN:23,(anonymous_1)
FN:42,useAuth
FNF:3
FNH:3
FNDA:4,(anonymous_0)
FNDA:1,(anonymous_1)
FNDA:8,useAuth
DA:16,2
DA:18,2
DA:19,4
DA:20,4
DA:21,4
DA:23,4
DA:24,1
DA:25,1
DA:26,1
DA:27,1
DA:29,0
DA:31,0
DA:35,4
DA:43,8
DA:44,8
DA:45,0
DA:47,8
LF:17
LH:14
BRDA:44,0,0,0
BRDA:44,0,1,8
BRF:2
BRH:1
end_of_record
TN:
SF:src\core\generate-id.ts
FN:2,generateUniqueId
FNF:1
FNH:1
FNDA:14,generateUniqueId
DA:3,14
DA:4,14
DA:6,14
LF:3
LH:3
BRF:0
BRH:0
end_of_record
TN:
SF:src\core\domain\entities\PetPerfil.ts
FN:8,(anonymous_0)
FN:17,(anonymous_1)
FN:28,(anonymous_2)
FNF:3
FNH:3
FNDA:18,(anonymous_0)
FNDA:14,(anonymous_1)
FNDA:4,(anonymous_2)
DA:24,14
DA:25,14
DA:36,4
LF:3
LH:3
BRF:0
BRH:0
end_of_record
TN:
SF:src\core\domain\entities\User.ts
FN:7,(anonymous_0)
FN:15,(anonymous_1)
FNF:2
FNH:2
FNDA:22,(anonymous_0)
FNDA:22,(anonymous_1)
DA:22,22
LF:1
LH:1
BRF:0
BRH:0
end_of_record
TN:
SF:src\core\domain\use-cases\petPerfil\DeletePet.ts
FN:4,(anonymous_0)
FN:6,(anonymous_1)
FNF:2
FNH:2
FNDA:20,(anonymous_0)
FNDA:3,(anonymous_1)
DA:7,3
DA:9,3
DA:11,3
DA:12,1
DA:15,2
LF:5
LH:5
BRDA:11,0,0,1
BRDA:11,0,1,2
BRF:2
BRH:2
end_of_record
TN:
SF:src\core\domain\use-cases\petPerfil\FindAllPets.ts
FN:5,(anonymous_0)
FN:7,(anonymous_1)
FNF:2
FNH:2
FNDA:20,(anonymous_0)
FNDA:2,(anonymous_1)
DA:9,2
LF:1
LH:1
BRF:0
BRH:0
end_of_record
TN:
SF:src\core\domain\use-cases\petPerfil\FindPet.ts
FN:5,(anonymous_0)
FN:7,(anonymous_1)
FNF:2
FNH:2
FNDA:20,(anonymous_0)
FNDA:3,(anonymous_1)
DA:8,3
LF:1
LH:1
BRF:0
BRH:0
end_of_record
TN:
SF:src\core\domain\use-cases\petPerfil\FindPetsByDonoId.ts
FN:10,(anonymous_0)
FN:13,(anonymous_1)
FNF:2
FNH:2
FNDA:21,(anonymous_0)
FNDA:6,(anonymous_1)
DA:14,6
DA:17,6
DA:19,6
LF:3
LH:3
BRF:0
BRH:0
end_of_record
TN:
SF:src\core\domain\use-cases\petPerfil\RegisterPet.ts
FN:10,(anonymous_0)
FN:17,(anonymous_1)
FN:23,(anonymous_2)
FNF:3
FNH:3
FNDA:1,(anonymous_0)
FNDA:33,(anonymous_1)
FNDA:13,(anonymous_2)
DA:11,1
DA:12,1
DA:32,13
DA:33,13
DA:35,1
DA:38,12
DA:40,12
DA:50,12
DA:52,12
LF:9
LH:9
BRDA:33,0,0,1
BRDA:33,0,1,12
BRF:2
BRH:2
end_of_record
TN:
SF:src\core\domain\use-cases\petPerfil\UpadatePet.ts
FN:7,(anonymous_0)
FN:9,(anonymous_1)
FNF:2
FNH:2
FNDA:22,(anonymous_0)
FNDA:5,(anonymous_1)
DA:16,5
DA:18,5
DA:20,5
DA:21,1
DA:24,4
DA:25,4
DA:26,4
DA:27,4
DA:30,4
DA:39,4
DA:41,4
LF:11
LH:11
BRDA:20,0,0,1
BRDA:20,0,1,4
BRDA:24,1,0,1
BRDA:24,1,1,3
BRDA:25,2,0,1
BRDA:25,2,1,3
BRDA:26,3,0,4
BRDA:26,3,1,2
BRDA:27,4,0,4
BRDA:27,4,1,2
BRF:10
BRH:10
end_of_record
TN:
SF:src\core\domain\use-cases\user\FindUser.ts
FN:5,(anonymous_0)
FN:7,(anonymous_1)
FNF:2
FNH:2
FNDA:13,(anonymous_0)
FNDA:2,(anonymous_1)
DA:8,2
LF:1
LH:1
BRF:0
BRH:0
end_of_record
TN:
SF:src\core\domain\use-cases\user\LoginUser.ts
FN:6,(anonymous_0)
FN:8,(anonymous_1)
FN:32,(anonymous_2)
FNF:3
FNH:3
FNDA:14,(anonymous_0)
FNDA:4,(anonymous_1)
FNDA:3,(anonymous_2)
DA:12,4
DA:14,4
DA:16,4
DA:17,1
DA:20,3
DA:25,3
DA:26,1
DA:29,2
DA:36,3
LF:9
LH:9
BRDA:16,0,0,1
BRDA:16,0,1,3
BRDA:25,1,0,1
BRDA:25,1,1,2
BRF:4
BRH:4
end_of_record
TN:
SF:src\core\domain\use-cases\user\LogoutUser.ts
FN:2,(anonymous_0)
FN:4,(anonymous_1)
FNF:2
FNH:2
FNDA:12,(anonymous_0)
FNDA:1,(anonymous_1)
DA:7,1
LF:1
LH:1
BRF:0
BRH:0
end_of_record
TN:
SF:src\core\domain\use-cases\user\RegisterUser.ts
FN:9,(anonymous_0)
FN:11,(anonymous_1)
FN:41,(anonymous_2)
FNF:3
FNH:3
FNDA:16,(anonymous_0)
FNDA:7,(anonymous_1)
FNDA:6,(anonymous_2)
DA:18,7
DA:20,7
DA:22,7
DA:23,1
DA:26,6
DA:28,6
DA:36,6
DA:38,6
DA:42,6
LF:9
LH:9
BRDA:22,0,0,1
BRDA:22,0,1,6
BRF:2
BRH:2
end_of_record
TN:
SF:src\core\domain\value-objects\Email.ts
FN:2,(anonymous_0)
FN:4,(anonymous_1)
FN:11,(anonymous_2)
FNF:3
FNH:3
FNDA:40,(anonymous_0)
FNDA:41,(anonymous_1)
FNDA:41,(anonymous_2)
DA:5,41
DA:6,1
DA:8,40
DA:12,41
DA:13,41
LF:5
LH:5
BRDA:5,0,0,1
BRDA:5,0,1,40
BRF:2
BRH:2
end_of_record
TN:
SF:src\core\domain\value-objects\GeoCoordinates.ts
FN:2,(anonymous_0)
FN:4,(anonymous_1)
FN:11,(anonymous_2)
FNF:3
FNH:3
FNDA:40,(anonymous_0)
FNDA:42,(anonymous_1)
FNDA:42,(anonymous_2)
DA:5,42
DA:6,2
DA:8,40
DA:12,42
LF:4
LH:4
BRDA:5,0,0,2
BRDA:5,0,1,40
BRDA:12,1,0,42
BRDA:12,1,1,42
BRDA:12,1,2,41
BRDA:12,1,3,41
BRF:6
BRH:6
end_of_record
TN:
SF:src\core\domain\value-objects\Name.ts
FN:2,(anonymous_0)
FN:4,(anonymous_1)
FN:11,(anonymous_2)
FNF:3
FNH:3
FNDA:55,(anonymous_0)
FNDA:56,(anonymous_1)
FNDA:56,(anonymous_2)
DA:5,56
DA:6,1
DA:8,55
DA:12,56
LF:4
LH:4
BRDA:5,0,0,1
BRDA:5,0,1,55
BRF:2
BRH:2
end_of_record
TN:
SF:src\core\domain\value-objects\Password.ts
FN:2,(anonymous_0)
FN:4,(anonymous_1)
FN:11,(anonymous_2)
FNF:3
FNH:3
FNDA:40,(anonymous_0)
FNDA:41,(anonymous_1)
FNDA:41,(anonymous_2)
DA:5,41
DA:6,1
DA:8,40
DA:12,41
LF:4
LH:4
BRDA:5,0,0,1
BRDA:5,0,1,40
BRF:2
BRH:2
end_of_record
TN:
SF:src\core\domain\value-objects\Photo.ts
FN:2,(anonymous_0)
FN:4,(anonymous_1)
FN:11,(anonymous_2)
FNF:3
FNH:3
FNDA:16,(anonymous_0)
FNDA:17,(anonymous_1)
FNDA:17,(anonymous_2)
DA:5,17
DA:6,1
DA:8,16
DA:12,17
DA:13,17
DA:14,16
DA:16,1
LF:7
LH:7
BRDA:5,0,0,1
BRDA:5,0,1,16
BRF:2
BRH:2
end_of_record
TN:
SF:src\core\factories\MakePetPerfilRepository.ts
FN:15,makePetPerfilUseCases
FNF:1
FNH:1
FNDA:18,makePetPerfilUseCases
DA:17,18
DA:18,18
DA:20,18
DA:24,18
DA:25,18
DA:26,18
DA:27,18
DA:28,18
DA:30,18
LF:9
LH:9
BRF:0
BRH:0
end_of_record
TN:
SF:src\core\factories\MakeUserRepository.ts
FN:8,makeUserUseCases
FNF:1
FNH:1
FNDA:11,makeUserUseCases
DA:9,11
DA:11,11
DA:12,11
DA:13,11
DA:14,11
DA:16,11
LF:6
LH:6
BRF:0
BRH:0
end_of_record
TN:
SF:src\core\infra\repositories\MockPetPerfilRepository.ts
FN:11,(anonymous_0)
FN:13,(anonymous_1)
FN:22,(anonymous_2)
FN:26,(anonymous_3)
FN:30,(anonymous_4)
FN:31,(anonymous_5)
FN:34,(anonymous_6)
FN:35,(anonymous_7)
FN:38,(anonymous_8)
FN:39,(anonymous_9)
FN:45,(anonymous_10)
FN:46,(anonymous_11)
FN:50,(anonymous_12)
FNF:13
FNH:13
FNDA:9,(anonymous_0)
FNDA:35,(anonymous_1)
FNDA:2,(anonymous_2)
FNDA:12,(anonymous_3)
FNDA:14,(anonymous_4)
FNDA:11,(anonymous_5)
FNDA:6,(anonymous_6)
FNDA:5,(anonymous_7)
FNDA:5,(anonymous_8)
FNDA:4,(anonymous_9)
FNDA:2,(anonymous_10)
FNDA:2,(anonymous_11)
FNDA:14,(anonymous_12)
DA:8,9
DA:14,35
DA:15,9
DA:17,35
DA:23,2
DA:27,12
DA:31,14
DA:35,6
DA:39,5
DA:40,5
DA:41,4
DA:46,2
DA:51,14
LF:13
LH:13
BRDA:14,0,0,9
BRDA:14,0,1,26
BRDA:31,1,0,14
BRDA:31,1,1,4
BRDA:40,2,0,4
BRDA:40,2,1,1
BRF:6
BRH:6
end_of_record
TN:
SF:src\core\infra\repositories\MockUserRepository.ts
FN:18,(anonymous_0)
FN:20,(anonymous_1)
FN:27,(anonymous_2)
FN:31,(anonymous_3)
FN:32,(anonymous_4)
FN:35,(anonymous_5)
FN:36,(anonymous_6)
FN:39,(anonymous_7)
FN:40,(anonymous_8)
FN:46,(anonymous_9)
FN:47,(anonymous_10)
FN:50,(anonymous_11)
FNF:12
FNH:8
FNDA:17,(anonymous_0)
FNDA:58,(anonymous_1)
FNDA:20,(anonymous_2)
FNDA:12,(anonymous_3)
FNDA:10,(anonymous_4)
FNDA:15,(anonymous_5)
FNDA:16,(anonymous_6)
FNDA:0,(anonymous_7)
FNDA:0,(anonymous_8)
FNDA:0,(anonymous_9)
FNDA:0,(anonymous_10)
FNDA:22,(anonymous_11)
DA:10,17
DA:21,58
DA:22,14
DA:24,58
DA:28,20
DA:32,12
DA:36,16
DA:40,0
DA:41,0
DA:42,0
DA:47,0
DA:51,22
LF:12
LH:8
BRDA:21,0,0,14
BRDA:21,0,1,44
BRDA:32,1,0,12
BRDA:32,1,1,7
BRDA:36,2,0,15
BRDA:36,2,1,2
BRDA:41,3,0,0
BRDA:41,3,1,0
BRF:8
BRH:6
end_of_record
TN:
SF:src\navigation\AreaPetStack.tsx
FN:19,AreaPetStack
FNF:1
FNH:1
FNDA:1,AreaPetStack
DA:17,1
DA:20,1
LF:2
LH:2
BRF:0
BRH:0
end_of_record
TN:
SF:src\navigation\LoginstackNavigation.tsx
FN:17,LoginStackNavigation
FNF:1
FNH:1
FNDA:1,LoginStackNavigation
DA:6,1
DA:18,1
LF:2
LH:2
BRF:0
BRH:0
end_of_record
TN:
SF:src\navigation\index.tsx
FN:7,Navigation
FNF:1
FNH:1
FNDA:2,Navigation
DA:9,2
DA:10,2
LF:2
LH:2
BRDA:12,0,0,1
BRDA:12,0,1,1
BRF:2
BRH:2
end_of_record
TN:
SF:src\screens\AreaPetScreen.tsx
FN:15,AreaPetScreen
FN:25,(anonymous_1)
FN:26,(anonymous_2)
FN:44,(anonymous_3)
FN:53,(anonymous_4)
FN:59,(anonymous_5)
FN:65,(anonymous_6)
FN:65,(anonymous_7)
FN:86,(anonymous_8)
FN:101,(anonymous_9)
FN:102,(anonymous_10)
FN:108,(anonymous_11)
FN:115,(anonymous_12)
FNF:13
FNH:12
FNDA:8,AreaPetScreen
FNDA:3,(anonymous_1)
FNDA:3,(anonymous_2)
FNDA:1,(anonymous_3)
FNDA:0,(anonymous_4)
FNDA:1,(anonymous_5)
FNDA:1,(anonymous_6)
FNDA:1,(anonymous_7)
FNDA:1,(anonymous_8)
FNDA:4,(anonymous_9)
FNDA:2,(anonymous_10)
FNDA:1,(anonymous_11)
FNDA:1,(anonymous_12)
DA:16,8
DA:19,8
DA:20,8
DA:21,8
DA:22,8
DA:24,8
DA:26,3
DA:27,3
DA:28,3
DA:29,3
DA:31,3
DA:32,3
DA:34,0
DA:35,0
DA:37,3
DA:41,3
DA:44,8
DA:46,1
DA:53,0
DA:60,1
DA:62,1
DA:65,1
DA:67,1
DA:69,0
DA:70,0
DA:82,8
DA:86,1
DA:101,4
DA:103,2
DA:108,1
DA:115,1
DA:128,1
LF:32
LH:27
BRDA:92,0,0,3
BRDA:92,0,1,5
BRDA:94,1,0,0
BRDA:94,1,1,5
BRDA:96,2,0,3
BRDA:96,2,1,2
BRF:6
BRH:5
end_of_record
TN:
SF:src\screens\CadastrarPetScreen.tsx
FN:10,CadastrarPetScreen
FN:21,(anonymous_1)
FN:93,(anonymous_2)
FN:116,(anonymous_3)
FNF:4
FNH:2
FNDA:5,CadastrarPetScreen
FNDA:1,(anonymous_1)
FNDA:0,(anonymous_2)
FNDA:0,(anonymous_3)
DA:11,5
DA:12,5
DA:14,5
DA:15,5
DA:16,5
DA:17,5
DA:18,5
DA:19,5
DA:21,5
DA:22,1
DA:23,0
DA:24,0
DA:26,1
DA:27,1
DA:28,1
DA:29,1
DA:36,1
DA:37,1
DA:39,0
DA:40,0
DA:41,0
DA:43,1
DA:47,5
DA:94,0
DA:116,0
DA:126,1
DA:132,1
LF:27
LH:20
BRDA:22,0,0,0
BRDA:22,0,1,1
BRDA:22,1,0,1
BRDA:22,1,1,1
BRDA:22,1,2,1
BRDA:39,2,0,0
BRDA:39,2,1,0
BRDA:51,3,0,5
BRDA:51,3,1,0
BRDA:108,4,0,1
BRDA:108,4,1,4
BRDA:114,5,0,5
BRDA:114,5,1,0
BRF:13
BRH:8
end_of_record
TN:
SF:src\screens\EditarPet.tsx
FN:13,EditarPetScreen
FN:28,(anonymous_1)
FN:29,(anonymous_2)
FN:52,(anonymous_3)
FN:112,(anonymous_4)
FN:135,(anonymous_5)
FNF:6
FNH:4
FNDA:4,EditarPetScreen
FNDA:1,(anonymous_1)
FNDA:1,(anonymous_2)
FNDA:1,(anonymous_3)
FNDA:0,(anonymous_4)
FNDA:0,(anonymous_5)
DA:14,4
DA:15,4
DA:16,4
DA:18,4
DA:20,4
DA:21,4
DA:23,4
DA:24,4
DA:25,4
DA:26,4
DA:28,4
DA:29,1
DA:30,1
DA:31,1
DA:32,1
DA:33,1
DA:34,1
DA:35,1
DA:36,1
DA:37,1
DA:39,0
DA:40,0
DA:43,0
DA:44,0
DA:46,1
DA:49,1
DA:52,4
DA:53,1
DA:54,1
DA:55,1
DA:56,1
DA:63,1
DA:64,1
DA:66,0
DA:67,0
DA:68,0
DA:69,0
DA:71,1
DA:75,4
DA:76,1
DA:83,3
DA:113,0
DA:135,0
DA:145,1
DA:151,1
LF:45
LH:35
BRDA:33,0,0,1
BRDA:33,0,1,0
BRDA:66,1,0,0
BRDA:66,1,1,0
BRDA:75,2,0,1
BRDA:75,2,1,3
BRDA:75,3,0,4
BRDA:75,3,1,2
BRDA:87,4,0,3
BRDA:87,4,1,0
BRDA:127,5,0,1
BRDA:127,5,1,2
BRDA:133,6,0,3
BRDA:133,6,1,0
BRF:14
BRH:9
end_of_record
TN:
SF:src\screens\Login.tsx
FN:11,LoginScreen
FN:18,login
FN:69,(anonymous_2)
FNF:3
FNH:3
FNDA:5,LoginScreen
FNDA:1,login
FNDA:1,(anonymous_2)
DA:12,5
DA:13,5
DA:14,5
DA:15,5
DA:16,5
DA:19,1
DA:20,1
DA:21,1
DA:22,1
DA:24,0
DA:26,1
DA:30,5
DA:69,1
DA:76,1
DA:82,1
LF:15
LH:14
BRDA:32,0,0,5
BRDA:32,0,1,0
BRDA:63,1,0,1
BRDA:63,1,1,4
BRDA:68,2,0,5
BRDA:68,2,1,0
BRF:6
BRH:4
end_of_record
TN:
SF:src\screens\Register.tsx
FN:11,RegisterScreen
FN:19,handleRegister
FN:88,(anonymous_2)
FNF:3
FNH:2
FNDA:6,RegisterScreen
FNDA:1,handleRegister
FNDA:0,(anonymous_2)
DA:12,6
DA:13,6
DA:14,6
DA:15,6
DA:16,6
DA:17,6
DA:20,1
DA:21,1
DA:22,1
DA:23,1
DA:30,1
DA:31,1
DA:33,0
DA:35,1
DA:39,6
DA:88,0
DA:95,1
DA:101,1
LF:18
LH:16
BRDA:41,0,0,6
BRDA:41,0,1,0
BRDA:82,1,0,1
BRDA:82,1,1,5
BRDA:87,2,0,6
BRDA:87,2,1,0
BRF:6
BRH:4
end_of_record
