TN:
SF:assets\logo_adote.png
FNF:0
FNH:0
DA:1,1
LF:1
LH:1
BRF:0
BRH:0
end_of_record
TN:
SF:src\components\ButtonInterface\index.tsx
FN:9,ButtonInterface
FN:27,(anonymous_1)
FNF:2
FNH:1
FNDA:20,ButtonInterface
FNDA:0,(anonymous_1)
DA:10,20
DA:27,1
DA:28,0
DA:31,1
LF:4
LH:3
BRDA:9,0,0,0
BRDA:20,1,0,0
BRDA:20,1,1,20
BRF:3
BRH:1
end_of_record
TN:
SF:src\components\ButtonInterface\styles.ts
FNF:0
FNH:0
DA:3,1
DA:7,1
LF:2
LH:2
BRF:0
BRH:0
end_of_record
TN:
SF:src\components\Loading\index.tsx
FN:4,Loading
FNF:1
FNH:1
FNDA:2,Loading
DA:5,2
LF:1
LH:1
BRF:0
BRH:0
end_of_record
TN:
SF:src\context\auth.tsx
FN:18,(anonymous_0)
FN:23,(anonymous_1)
FN:42,useAuth
FNF:3
FNH:3
FNDA:2,(anonymous_0)
FNDA:1,(anonymous_1)
FNDA:7,useAuth
DA:16,1
DA:18,1
DA:19,2
DA:20,2
DA:21,2
DA:23,2
DA:24,1
DA:25,1
DA:26,1
DA:27,1
DA:29,0
DA:31,0
DA:35,2
DA:43,7
DA:44,7
DA:45,0
DA:47,7
LF:17
LH:14
BRDA:44,0,0,0
BRDA:44,0,1,7
BRF:2
BRH:1
end_of_record
TN:
SF:src\core\generate-id.ts
FN:2,generateUniqueId
FNF:1
FNH:1
FNDA:13,generateUniqueId
DA:3,13
DA:4,13
DA:6,13
LF:3
LH:3
BRF:0
BRH:0
end_of_record
TN:
SF:src\core\domain\entities\PetPerfil.ts
FN:8,(anonymous_0)
FN:17,(anonymous_1)
FN:28,(anonymous_2)
FNF:3
FNH:3
FNDA:16,(anonymous_0)
FNDA:13,(anonymous_1)
FNDA:3,(anonymous_2)
DA:24,13
DA:25,13
DA:36,3
LF:3
LH:3
BRF:0
BRH:0
end_of_record
TN:
SF:src\core\domain\entities\User.ts
FN:7,(anonymous_0)
FN:15,(anonymous_1)
FNF:2
FNH:2
FNDA:22,(anonymous_0)
FNDA:22,(anonymous_1)
DA:22,22
LF:1
LH:1
BRF:0
BRH:0
end_of_record
TN:
SF:src\core\domain\use-cases\petPerfil\DeletePet.ts
FN:4,(anonymous_0)
FN:6,(anonymous_1)
FNF:2
FNH:2
FNDA:3,(anonymous_0)
FNDA:2,(anonymous_1)
DA:7,2
DA:9,2
DA:11,2
DA:12,1
DA:15,1
LF:5
LH:5
BRDA:11,0,0,1
BRDA:11,0,1,1
BRF:2
BRH:2
end_of_record
TN:
SF:src\core\domain\use-cases\petPerfil\FindAllPets.ts
FN:5,(anonymous_0)
FN:7,(anonymous_1)
FNF:2
FNH:2
FNDA:3,(anonymous_0)
FNDA:2,(anonymous_1)
DA:9,2
LF:1
LH:1
BRF:0
BRH:0
end_of_record
TN:
SF:src\core\domain\use-cases\petPerfil\FindPet.ts
FN:5,(anonymous_0)
FN:7,(anonymous_1)
FNF:2
FNH:2
FNDA:3,(anonymous_0)
FNDA:2,(anonymous_1)
DA:8,2
LF:1
LH:1
BRF:0
BRH:0
end_of_record
TN:
SF:src\core\domain\use-cases\petPerfil\FindPetsByDonoId.ts
FN:10,(anonymous_0)
FN:13,(anonymous_1)
FNF:2
FNH:2
FNDA:4,(anonymous_0)
FNDA:3,(anonymous_1)
DA:14,3
DA:17,3
DA:19,3
LF:3
LH:3
BRF:0
BRH:0
end_of_record
TN:
SF:src\core\domain\use-cases\petPerfil\RegisterPet.ts
FN:10,(anonymous_0)
FN:17,(anonymous_1)
FN:23,(anonymous_2)
FNF:3
FNH:3
FNDA:1,(anonymous_0)
FNDA:16,(anonymous_1)
FNDA:12,(anonymous_2)
DA:11,1
DA:12,1
DA:32,12
DA:33,12
DA:35,1
DA:38,11
DA:40,11
DA:50,11
DA:52,11
LF:9
LH:9
BRDA:33,0,0,1
BRDA:33,0,1,11
BRF:2
BRH:2
end_of_record
TN:
SF:src\core\domain\use-cases\petPerfil\UpadatePet.ts
FN:7,(anonymous_0)
FN:9,(anonymous_1)
FNF:2
FNH:2
FNDA:5,(anonymous_0)
FNDA:4,(anonymous_1)
DA:16,4
DA:18,4
DA:20,4
DA:21,1
DA:24,3
DA:25,3
DA:26,3
DA:27,3
DA:30,3
DA:39,3
DA:41,3
LF:11
LH:11
BRDA:20,0,0,1
BRDA:20,0,1,3
BRDA:24,1,0,0
BRDA:24,1,1,3
BRDA:25,2,0,0
BRDA:25,2,1,3
BRDA:26,3,0,3
BRDA:26,3,1,2
BRDA:27,4,0,3
BRDA:27,4,1,2
BRF:10
BRH:8
end_of_record
TN:
SF:src\core\domain\use-cases\user\FindUser.ts
FN:5,(anonymous_0)
FN:7,(anonymous_1)
FNF:2
FNH:2
FNDA:11,(anonymous_0)
FNDA:2,(anonymous_1)
DA:8,2
LF:1
LH:1
BRF:0
BRH:0
end_of_record
TN:
SF:src\core\domain\use-cases\user\LoginUser.ts
FN:6,(anonymous_0)
FN:8,(anonymous_1)
FN:32,(anonymous_2)
FNF:3
FNH:3
FNDA:12,(anonymous_0)
FNDA:4,(anonymous_1)
FNDA:3,(anonymous_2)
DA:12,4
DA:14,4
DA:16,4
DA:17,1
DA:20,3
DA:25,3
DA:26,1
DA:29,2
DA:36,3
LF:9
LH:9
BRDA:16,0,0,1
BRDA:16,0,1,3
BRDA:25,1,0,1
BRDA:25,1,1,2
BRF:4
BRH:4
end_of_record
TN:
SF:src\core\domain\use-cases\user\LogoutUser.ts
FN:2,(anonymous_0)
FN:4,(anonymous_1)
FNF:2
FNH:2
FNDA:10,(anonymous_0)
FNDA:1,(anonymous_1)
DA:7,1
LF:1
LH:1
BRF:0
BRH:0
end_of_record
TN:
SF:src\core\domain\use-cases\user\RegisterUser.ts
FN:9,(anonymous_0)
FN:11,(anonymous_1)
FN:41,(anonymous_2)
FNF:3
FNH:3
FNDA:14,(anonymous_0)
FNDA:7,(anonymous_1)
FNDA:6,(anonymous_2)
DA:18,7
DA:20,7
DA:22,7
DA:23,1
DA:26,6
DA:28,6
DA:36,6
DA:38,6
DA:42,6
LF:9
LH:9
BRDA:22,0,0,1
BRDA:22,0,1,6
BRF:2
BRH:2
end_of_record
TN:
SF:src\core\domain\value-objects\Email.ts
FN:2,(anonymous_0)
FN:4,(anonymous_1)
FN:11,(anonymous_2)
FNF:3
FNH:3
FNDA:38,(anonymous_0)
FNDA:39,(anonymous_1)
FNDA:39,(anonymous_2)
DA:5,39
DA:6,1
DA:8,38
DA:12,39
DA:13,39
LF:5
LH:5
BRDA:5,0,0,1
BRDA:5,0,1,38
BRF:2
BRH:2
end_of_record
TN:
SF:src\core\domain\value-objects\GeoCoordinates.ts
FN:2,(anonymous_0)
FN:4,(anonymous_1)
FN:11,(anonymous_2)
FNF:3
FNH:3
FNDA:38,(anonymous_0)
FNDA:40,(anonymous_1)
FNDA:40,(anonymous_2)
DA:5,40
DA:6,2
DA:8,38
DA:12,40
LF:4
LH:4
BRDA:5,0,0,2
BRDA:5,0,1,38
BRDA:12,1,0,40
BRDA:12,1,1,40
BRDA:12,1,2,39
BRDA:12,1,3,39
BRF:6
BRH:6
end_of_record
TN:
SF:src\core\domain\value-objects\Name.ts
FN:2,(anonymous_0)
FN:4,(anonymous_1)
FN:11,(anonymous_2)
FNF:3
FNH:3
FNDA:51,(anonymous_0)
FNDA:52,(anonymous_1)
FNDA:52,(anonymous_2)
DA:5,52
DA:6,1
DA:8,51
DA:12,52
LF:4
LH:4
BRDA:5,0,0,1
BRDA:5,0,1,51
BRF:2
BRH:2
end_of_record
TN:
SF:src\core\domain\value-objects\Password.ts
FN:2,(anonymous_0)
FN:4,(anonymous_1)
FN:11,(anonymous_2)
FNF:3
FNH:3
FNDA:38,(anonymous_0)
FNDA:39,(anonymous_1)
FNDA:39,(anonymous_2)
DA:5,39
DA:6,1
DA:8,38
DA:12,39
LF:4
LH:4
BRDA:5,0,0,1
BRDA:5,0,1,38
BRF:2
BRH:2
end_of_record
TN:
SF:src\core\domain\value-objects\Photo.ts
FN:2,(anonymous_0)
FN:4,(anonymous_1)
FN:11,(anonymous_2)
FNF:3
FNH:3
FNDA:14,(anonymous_0)
FNDA:15,(anonymous_1)
FNDA:15,(anonymous_2)
DA:5,15
DA:6,1
DA:8,14
DA:12,15
DA:13,15
DA:14,14
DA:16,1
LF:7
LH:7
BRDA:5,0,0,1
BRDA:5,0,1,14
BRF:2
BRH:2
end_of_record
TN:
SF:src\core\factories\MakePetPerfilRepository.ts
FN:15,makePetPerfilUseCases
FNF:1
FNH:1
FNDA:1,makePetPerfilUseCases
DA:17,1
DA:18,1
DA:20,1
DA:24,1
DA:25,1
DA:26,1
DA:27,1
DA:28,1
DA:30,1
LF:9
LH:9
BRF:0
BRH:0
end_of_record
TN:
SF:src\core\factories\MakeUserRepository.ts
FN:8,makeUserUseCases
FNF:1
FNH:1
FNDA:9,makeUserUseCases
DA:9,9
DA:11,9
DA:12,9
DA:13,9
DA:14,9
DA:16,9
LF:6
LH:6
BRF:0
BRH:0
end_of_record
TN:
SF:src\core\infra\repositories\MockPetPerfilRepository.ts
FN:11,(anonymous_0)
FN:13,(anonymous_1)
FN:22,(anonymous_2)
FN:26,(anonymous_3)
FN:30,(anonymous_4)
FN:31,(anonymous_5)
FN:34,(anonymous_6)
FN:35,(anonymous_7)
FN:38,(anonymous_8)
FN:39,(anonymous_9)
FN:45,(anonymous_10)
FN:46,(anonymous_11)
FN:50,(anonymous_12)
FNF:13
FNH:13
FNDA:8,(anonymous_0)
FNDA:17,(anonymous_1)
FNDA:2,(anonymous_2)
FNDA:11,(anonymous_3)
FNDA:11,(anonymous_4)
FNDA:8,(anonymous_5)
FNDA:3,(anonymous_6)
FNDA:3,(anonymous_7)
FNDA:4,(anonymous_8)
FNDA:3,(anonymous_9)
FNDA:1,(anonymous_10)
FNDA:1,(anonymous_11)
FNDA:13,(anonymous_12)
DA:8,8
DA:14,17
DA:15,8
DA:17,17
DA:23,2
DA:27,11
DA:31,11
DA:35,3
DA:39,4
DA:40,4
DA:41,3
DA:46,1
DA:51,13
LF:13
LH:13
BRDA:14,0,0,8
BRDA:14,0,1,9
BRDA:31,1,0,11
BRDA:31,1,1,4
BRDA:40,2,0,3
BRDA:40,2,1,1
BRF:6
BRH:6
end_of_record
TN:
SF:src\core\infra\repositories\MockUserRepository.ts
FN:18,(anonymous_0)
FN:20,(anonymous_1)
FN:27,(anonymous_2)
FN:31,(anonymous_3)
FN:32,(anonymous_4)
FN:35,(anonymous_5)
FN:36,(anonymous_6)
FN:39,(anonymous_7)
FN:40,(anonymous_8)
FN:46,(anonymous_9)
FN:47,(anonymous_10)
FN:50,(anonymous_11)
FNF:12
FNH:10
FNDA:15,(anonymous_0)
FNDA:35,(anonymous_1)
FNDA:20,(anonymous_2)
FNDA:12,(anonymous_3)
FNDA:10,(anonymous_4)
FNDA:14,(anonymous_5)
FNDA:15,(anonymous_6)
FNDA:1,(anonymous_7)
FNDA:1,(anonymous_8)
FNDA:0,(anonymous_9)
FNDA:0,(anonymous_10)
FNDA:18,(anonymous_11)
DA:10,15
DA:21,35
DA:22,12
DA:24,35
DA:28,20
DA:32,12
DA:36,15
DA:40,1
DA:41,1
DA:42,0
DA:47,0
DA:51,18
LF:12
LH:10
BRDA:21,0,0,12
BRDA:21,0,1,23
BRDA:32,1,0,12
BRDA:32,1,1,7
BRDA:36,2,0,14
BRDA:36,2,1,2
BRDA:41,3,0,0
BRDA:41,3,1,1
BRF:8
BRH:7
end_of_record
TN:
SF:src\navigation\LoginstackNavigation.tsx
FN:17,LoginStackNavigation
FNF:1
FNH:1
FNDA:1,LoginStackNavigation
DA:6,1
DA:18,1
LF:2
LH:2
BRF:0
BRH:0
end_of_record
TN:
SF:src\navigation\index.tsx
FN:7,Navigation
FNF:1
FNH:1
FNDA:2,Navigation
DA:9,2
DA:10,2
LF:2
LH:2
BRDA:12,0,0,1
BRDA:12,0,1,1
BRF:2
BRH:2
end_of_record
TN:
SF:src\screens\Login.tsx
FN:11,LoginScreen
FN:18,login
FN:69,(anonymous_2)
FNF:3
FNH:3
FNDA:5,LoginScreen
FNDA:1,login
FNDA:1,(anonymous_2)
DA:12,5
DA:13,5
DA:14,5
DA:15,5
DA:16,5
DA:19,1
DA:20,1
DA:21,1
DA:22,1
DA:24,0
DA:26,1
DA:30,5
DA:69,1
DA:76,1
DA:81,1
LF:15
LH:14
BRDA:32,0,0,5
BRDA:32,0,1,0
BRDA:63,1,0,1
BRDA:63,1,1,4
BRDA:68,2,0,5
BRDA:68,2,1,0
BRF:6
BRH:4
end_of_record
TN:
SF:src\screens\Register.tsx
FN:11,RegisterScreen
FN:19,handleRegister
FN:88,(anonymous_2)
FNF:3
FNH:2
FNDA:6,RegisterScreen
FNDA:1,handleRegister
FNDA:0,(anonymous_2)
DA:12,6
DA:13,6
DA:14,6
DA:15,6
DA:16,6
DA:17,6
DA:20,1
DA:21,1
DA:22,1
DA:23,1
DA:30,1
DA:31,1
DA:33,0
DA:35,1
DA:39,6
DA:88,0
DA:95,1
DA:100,1
LF:18
LH:16
BRDA:41,0,0,6
BRDA:41,0,1,0
BRDA:82,1,0,1
BRDA:82,1,1,5
BRDA:87,2,0,6
BRDA:87,2,1,0
BRF:6
BRH:4
end_of_record
